#
# A fatal error has been detected by the Java Runtime Environment:
#
#  EXCEPTION_ACCESS_VIOLATION (0xc0000005) at pc=0x00007ffef6b6fa80, pid=6796, tid=17688
#
# JRE version: OpenJDK Runtime Environment (11.0.18+10) (build 11.0.18+10-LTS)
# Java VM: OpenJDK 64-Bit Server VM (11.0.18+10-LTS, mixed mode, tiered, compressed oops, g1 gc, windows-amd64)
# Problematic frame:
# V  [jvm.dll+0x10fa80]
#
# No core dump will be written. Minidumps are not enabled by default on client versions of Windows
#
# If you would like to submit a bug report, please visit:
#   https://bell-sw.com/support
#

---------------  S U M M A R Y ------------

Command Line: -Dfile.encoding=windows-1251 -Duser.country=RU -Duser.language=ru -Duser.variant --module-path=C:\Users\BEKZHAN\IdeaProjects\Online news website\build\libs\website-1.0-SNAPSHOT.jar;C:\Users\BEKZHAN\IdeaProjects\Online news website\build\classes\java\main;C:\Users\BEKZHAN\.gradle\caches\modules-2\files-2.1\org.openjfx\javafx-fxml\19.0.2\26eaef75197fa036624f61fe19e1f3a90089c1d4\javafx-fxml-19.0.2-win.jar;C:\Users\BEKZHAN\.gradle\caches\modules-2\files-2.1\org.openjfx\javafx-controls\19.0.2\9bc2468448c2c6e8e56f6023fc6a9b5edc310676\javafx-controls-19.0.2-win.jar;C:\Users\BEKZHAN\.gradle\caches\modules-2\files-2.1\org.openjfx\javafx-controls\19.0.2\9e0c1c543bc9d4ce4dc92e18849e065b15d550bd\javafx-controls-19.0.2.jar;C:\Users\BEKZHAN\.gradle\caches\modules-2\files-2.1\org.openjfx\javafx-media\19.0.2\a87e4ef0e1615443c50b825939a77251b5ef5d8f\javafx-media-19.0.2-win.jar;C:\Users\BEKZHAN\.gradle\caches\modules-2\files-2.1\org.openjfx\javafx-graphics\19.0.2\1115b4c69577f621e8ec0a52b925d267c1c1b4ec\javafx-graphics-19.0.2-win.jar;C:\Users\BEKZHAN\.gradle\caches\modules-2\files-2.1\org.openjfx\javafx-graphics\19.0.2\fef4194305f4cb3c50437a389f18ee2b3df31444\javafx-graphics-19.0.2.jar;C:\Users\BEKZHAN\.gradle\caches\modules-2\files-2.1\org.openjfx\javafx-base\19.0.2\2da75379d437ded92b6b39a43ec2ddbfdab85434\javafx-base-19.0.2-win.jar;C:\Users\BEKZHAN\.gradle\caches\modules-2\files-2.1\org.openjfx\javafx-base\19.0.2\8d02216cf976b6092874d442f075ea796c848af2\javafx-base-19.0.2.jar -Djdk.module.main=com.example.website com.example.website/com.example.website.HelloApplication

Host: AMD Ryzen 7 5800H with Radeon Graphics         , 16 cores, 13G,  Windows 10 , 64 bit Build 19041 (10.0.19041.2546)
Time: Fri Apr  7 09:40:34 2023  Windows 10 , 64 bit Build 19041 (10.0.19041.2546) elapsed time: 112.227550 seconds (0d 0h 1m 52s)

---------------  T H R E A D  ---------------

Current thread (0x0000014cd6efc800):  JavaThread "JavaFX Application Thread" [_thread_in_vm, id=17688, stack(0x0000000b5d200000,0x0000000b5d300000)]

Stack: [0x0000000b5d200000,0x0000000b5d300000],  sp=0x0000000b5d2fe7e8,  free space=1017k
Native frames: (J=compiled Java code, j=interpreted, Vv=VM code, C=native code)
V  [jvm.dll+0x10fa80]

Java frames: (J=compiled Java code, j=interpreted, Vv=VM code)
j  com.sun.glass.ui.win.WinApplication._runLoop(Ljava/lang/Runnable;)V+0 javafx.graphics@19.0.2
j  com.sun.glass.ui.win.WinApplication.lambda$runLoop$3(ILjava/lang/Runnable;)V+8 javafx.graphics@19.0.2
j  com.sun.glass.ui.win.WinApplication$$Lambda$92.run()V+12 javafx.graphics@19.0.2
j  java.lang.Thread.run()V+11 java.base@11.0.18
v  ~StubRoutines::call_stub

siginfo: EXCEPTION_ACCESS_VIOLATION (0xc0000005), reading address 0xffffffffffffffff


Register to memory mapping:

RIP=0x00007ffef6b6fa80 jvm.dll
RAX=0x0000000b5d2fe9e0 is pointing into the stack for thread: 0x0000014cd6efc800
RBX=0x0000014cd6efc800 is a thread
RCX=0x88032d004f2599cc is an unknown value
RDX=0x0000000b5d2fe9b0 is pointing into the stack for thread: 0x0000014cd6efc800
RSP=0x0000000b5d2fe7e8 is pointing into the stack for thread: 0x0000014cd6efc800
RBP=0x0000000b5d2fe8f0 is pointing into the stack for thread: 0x0000014cd6efc800
RSI=0x0000014cd6efc800 is a thread
RDI=0x00007ffef7329c60 jvm.dll
R8 =0x88032d004f2599cc is an unknown value
R9 =0x0000000000000001 is an unknown value
R10=0x0 is NULL
R11=0x0000000000000246 is an unknown value
R12=0x0000000b5d2fe9b0 is pointing into the stack for thread: 0x0000014cd6efc800
R13=0x0000014cddc35ec8 points into unknown readable memory: 0x0000014cd7ff0de0 | e0 0d ff d7 4c 01 00 00
R14=0x0000014cddc35ec8 points into unknown readable memory: 0x0000014cd7ff0de0 | e0 0d ff d7 4c 01 00 00
R15=0x0000000000000001 is an unknown value


Registers:
RAX=0x0000000b5d2fe9e0, RBX=0x0000014cd6efc800, RCX=0x88032d004f2599cc, RDX=0x0000000b5d2fe9b0
RSP=0x0000000b5d2fe7e8, RBP=0x0000000b5d2fe8f0, RSI=0x0000014cd6efc800, RDI=0x00007ffef7329c60
R8 =0x88032d004f2599cc, R9 =0x0000000000000001, R10=0x0000000000000000, R11=0x0000000000000246
R12=0x0000000b5d2fe9b0, R13=0x0000014cddc35ec8, R14=0x0000014cddc35ec8, R15=0x0000000000000001
RIP=0x00007ffef6b6fa80, EFLAGS=0x0000000000010246

Top of Stack: (sp=0x0000000b5d2fe7e8)
0x0000000b5d2fe7e8:   00007ffef6e2df4d 0000000000000002
0x0000000b5d2fe7f8:   0000000000000002 0000014cb00a0000
0x0000000b5d2fe808:   0000000b5d2fe8c9 0000000000000001
0x0000000b5d2fe818:   00007fff4285b3c7 0000014cb0290000
0x0000000b5d2fe828:   00007ffe00000000 0000000000000002
0x0000000b5d2fe838:   0000000b5d2fe9e0 0000014cd6efcb48
0x0000000b5d2fe848:   00007ffef6e2e231 00000002f72fe5e0
0x0000000b5d2fe858:   0000014cb1b79da0 0000014cd6efc800
0x0000000b5d2fe868:   0000000800000238 0000000000000003
0x0000000b5d2fe878:   0000000000000000 00000000000003d8
0x0000000b5d2fe888:   00007ffef71e20f6 0000014cd6efc800
0x0000000b5d2fe898:   0000000b5d2fea40 0000014cd6efcb48
0x0000000b5d2fe8a8:   0000014cd63bef00 0000014cd63bf201
0x0000000b5d2fe8b8:   0000014cd6efc800 0000014cd56ef9e0
0x0000000b5d2fe8c8:   0000000000000238 0000000000000002
0x0000000b5d2fe8d8:   0000000000000000 0000014cdebba838 

Instructions: (pc=0x00007ffef6b6fa80)
0x00007ffef6b6f980:   a4 10 93 00 48 83 c4 20 5b 48 ff e0 48 8d 05 1d
0x00007ffef6b6f990:   01 00 00 48 8b cb 48 89 05 8b 10 93 00 48 83 c4
0x00007ffef6b6f9a0:   20 5b 48 ff e0 48 8d 05 04 01 00 00 48 8b cb 48
0x00007ffef6b6f9b0:   89 05 72 10 93 00 48 83 c4 20 5b 48 ff e0 48 8b
0x00007ffef6b6f9c0:   0d 6b 33 99 00 8b 51 10 83 ea 01 0f 84 91 00 00
0x00007ffef6b6f9d0:   00 83 ea 01 74 73 83 ea 01 74 55 83 fa 01 74 37
0x00007ffef6b6f9e0:   4c 8d 0d f1 2d 76 00 41 b8 e8 00 00 00 48 8d 15
0x00007ffef6b6f9f0:   1c 2e 76 00 b9 00 00 00 e0 e8 62 e8 13 00 e8 fd
0x00007ffef6b6fa00:   6d 50 00 33 c0 48 8b cb 48 89 05 19 10 93 00 48
0x00007ffef6b6fa10:   83 c4 20 5b 48 ff e0 48 8d 05 72 00 00 00 48 8b
0x00007ffef6b6fa20:   cb 48 89 05 00 10 93 00 48 83 c4 20 5b 48 ff e0
0x00007ffef6b6fa30:   48 8d 05 49 00 00 00 48 8b cb 48 89 05 e7 0f 93
0x00007ffef6b6fa40:   00 48 83 c4 20 5b 48 ff e0 48 8d 05 30 00 00 00
0x00007ffef6b6fa50:   48 8b cb 48 89 05 ce 0f 93 00 48 83 c4 20 5b 48
0x00007ffef6b6fa60:   ff e0 48 8d 05 17 00 00 00 48 8b cb 48 89 05 b5
0x00007ffef6b6fa70:   0f 93 00 48 83 c4 20 5b 48 ff e0 cc cc cc cc cc
0x00007ffef6b6fa80:   48 8b 01 c3 cc cc cc cc cc cc cc cc cc cc cc cc
0x00007ffef6b6fa90:   48 8b 01 48 85 c0 74 0f 48 8b 0d 91 32 99 00 48
0x00007ffef6b6faa0:   8b d0 e9 79 5a 59 00 c3 cc cc cc cc cc cc cc cc
0x00007ffef6b6fab0:   8b 01 85 c0 75 03 33 c0 c3 8b 0d 89 0c 95 00 48
0x00007ffef6b6fac0:   d3 e0 48 03 05 77 0c 95 00 c3 cc cc cc cc cc cc
0x00007ffef6b6fad0:   8b 01 85 c0 75 03 33 c0 c3 8b 0d 69 0c 95 00 48
0x00007ffef6b6fae0:   d3 e0 48 03 05 57 0c 95 00 74 0f 48 8b 0d 3e 32
0x00007ffef6b6faf0:   99 00 48 8b d0 e9 26 5a 59 00 c3 cc cc cc cc cc
0x00007ffef6b6fb00:   48 89 5c 24 10 56 48 83 ec 20 48 8b d9 48 8b 49
0x00007ffef6b6fb10:   10 e8 8a ed 07 00 48 8b 4b 10 48 8b f0 e8 ae 6e
0x00007ffef6b6fb20:   0c 00 48 3b f0 73 45 48 89 7c 24 30 0f 1f 40 00
0x00007ffef6b6fb30:   48 8b 4b 10 48 8b d6 e8 94 38 1b 00 48 8b c8 48
0x00007ffef6b6fb40:   8b 78 08 e8 98 37 1b 00 4c 8b c0 48 8b d7 48 8b
0x00007ffef6b6fb50:   cb e8 7a f9 ff ff 48 8b 4b 10 48 ff c6 e8 6e 6e
0x00007ffef6b6fb60:   0c 00 48 3b f0 72 c9 48 8b 7c 24 30 48 8b cb 48
0x00007ffef6b6fb70:   8b 5c 24 38 48 83 c4 20 5e e9 02 00 00 00 cc cc 


Stack slot to memory mapping:
stack at sp + 0 slots: 0x00007ffef6e2df4d jvm.dll
stack at sp + 1 slots: 0x0000000000000002 is an unknown value
stack at sp + 2 slots: 0x0000000000000002 is an unknown value
stack at sp + 3 slots: 0x0000014cb00a0000 points into unknown readable memory: 0x0000000000000000 | 00 00 00 00 00 00 00 00
stack at sp + 4 slots: 0x0000000b5d2fe8c9 is pointing into the stack for thread: 0x0000014cd6efc800
stack at sp + 5 slots: 0x0000000000000001 is an unknown value
stack at sp + 6 slots: 0x00007fff4285b3c7 ntdll.dll
stack at sp + 7 slots: 0x0000014cb0290000 points into unknown readable memory: 0x0000000000000000 | 00 00 00 00 00 00 00 00


---------------  P R O C E S S  ---------------

Threads class SMR info:
_java_thread_list=0x0000014cd7c3b800, length=21, elements={
0x0000014cb1b6c000, 0x0000014cd600e000, 0x0000014cd6037800, 0x0000014cd6090000,
0x0000014cd6091000, 0x0000014cd6092000, 0x0000014cd6099800, 0x0000014cd60aa000,
0x0000014cd60bd800, 0x0000014cd621f800, 0x0000014cd636a000, 0x0000014cd6ee3000,
0x0000014cd6efc800, 0x0000014cd6cee000, 0x0000014cd70f1000, 0x0000014cdd250800,
0x0000014cdd255800, 0x0000014cdd251800, 0x0000014cdd254000, 0x0000014cdd250000,
0x0000014cd7c3c000
}

Java Threads: ( => current thread )
  0x0000014cb1b6c000 JavaThread "main" [_thread_blocked, id=11960, stack(0x0000000b5ba00000,0x0000000b5bb00000)]
  0x0000014cd600e000 JavaThread "Reference Handler" daemon [_thread_blocked, id=11656, stack(0x0000000b5c100000,0x0000000b5c200000)]
  0x0000014cd6037800 JavaThread "Finalizer" daemon [_thread_blocked, id=13496, stack(0x0000000b5c200000,0x0000000b5c300000)]
  0x0000014cd6090000 JavaThread "Signal Dispatcher" daemon [_thread_blocked, id=14984, stack(0x0000000b5c300000,0x0000000b5c400000)]
  0x0000014cd6091000 JavaThread "Attach Listener" daemon [_thread_blocked, id=15636, stack(0x0000000b5c400000,0x0000000b5c500000)]
  0x0000014cd6092000 JavaThread "Service Thread" daemon [_thread_blocked, id=6480, stack(0x0000000b5c500000,0x0000000b5c600000)]
  0x0000014cd6099800 JavaThread "C2 CompilerThread0" daemon [_thread_in_native, id=9628, stack(0x0000000b5c600000,0x0000000b5c700000)]
  0x0000014cd60aa000 JavaThread "C1 CompilerThread0" daemon [_thread_blocked, id=11652, stack(0x0000000b5c700000,0x0000000b5c800000)]
  0x0000014cd60bd800 JavaThread "Sweeper thread" daemon [_thread_blocked, id=12320, stack(0x0000000b5c800000,0x0000000b5c900000)]
  0x0000014cd621f800 JavaThread "Common-Cleaner" daemon [_thread_blocked, id=16236, stack(0x0000000b5c900000,0x0000000b5ca00000)]
  0x0000014cd636a000 JavaThread "QuantumRenderer-0" daemon [_thread_blocked, id=9868, stack(0x0000000b5cb00000,0x0000000b5cc00000)]
  0x0000014cd6ee3000 JavaThread "InvokeLaterDispatcher" daemon [_thread_blocked, id=6532, stack(0x0000000b5d100000,0x0000000b5d200000)]
=>0x0000014cd6efc800 JavaThread "JavaFX Application Thread" [_thread_in_vm, id=17688, stack(0x0000000b5d200000,0x0000000b5d300000)]
  0x0000014cd6cee000 JavaThread "Thread-1" daemon [_thread_in_native, id=3992, stack(0x0000000b5dd00000,0x0000000b5de00000)]
  0x0000014cd70f1000 JavaThread "JavaFX-Launcher" [_thread_blocked, id=15624, stack(0x0000000b5de00000,0x0000000b5df00000)]
  0x0000014cdd250800 JavaThread "Prism Font Disposer" daemon [_thread_blocked, id=11236, stack(0x0000000b5e500000,0x0000000b5e600000)]
  0x0000014cdd255800 JavaThread "Media Resource Disposer" daemon [_thread_blocked, id=1940, stack(0x0000000b5f200000,0x0000000b5f300000)]
  0x0000014cdd251800 JavaThread "Cleaner-0" daemon [_thread_blocked, id=15812, stack(0x0000000b5f300000,0x0000000b5f400000)]
  0x0000014cdd254000 JavaThread "Timer-0" daemon [_thread_blocked, id=14204, stack(0x0000000b5f600000,0x0000000b5f700000)]
  0x0000014cdd250000 JavaThread "JFXMedia Player EventQueueThread" daemon [_thread_blocked, id=13920, stack(0x0000000b5b800000,0x0000000b5b900000)]
  0x0000014cd7c3c000 JavaThread "C1 CompilerThread1" daemon [_thread_blocked, id=15500, stack(0x0000000b5b700000,0x0000000b5b800000)]

Other Threads:
  0x0000014cd600c000 VMThread "VM Thread" [stack: 0x0000000b5c000000,0x0000000b5c100000] [id=17428]
  0x0000014cd6898800 WatcherThread [stack: 0x0000000b5d000000,0x0000000b5d100000] [id=6444]
  0x0000014cb1b85000 GCTaskThread "GC Thread#0" [stack: 0x0000000b5bb00000,0x0000000b5bc00000] [id=12896]
  0x0000014cd70fa000 GCTaskThread "GC Thread#1" [stack: 0x0000000b5df00000,0x0000000b5e000000] [id=13712]
  0x0000014cd70bb000 GCTaskThread "GC Thread#2" [stack: 0x0000000b5e000000,0x0000000b5e100000] [id=17832]
  0x0000014cd70bc000 GCTaskThread "GC Thread#3" [stack: 0x0000000b5e100000,0x0000000b5e200000] [id=16412]
  0x0000014cd711f000 GCTaskThread "GC Thread#4" [stack: 0x0000000b5e200000,0x0000000b5e300000] [id=4164]
  0x0000014cd713f000 GCTaskThread "GC Thread#5" [stack: 0x0000000b5e300000,0x0000000b5e400000] [id=11056]
  0x0000014cb1bd7000 ConcurrentGCThread "G1 Main Marker" [stack: 0x0000000b5bc00000,0x0000000b5bd00000] [id=11872]
  0x0000014cb1bda800 ConcurrentGCThread "G1 Conc#0" [stack: 0x0000000b5bd00000,0x0000000b5be00000] [id=9784]
  0x0000014cdef77800 ConcurrentGCThread "G1 Conc#1" [stack: 0x0000000b5f000000,0x0000000b5f100000] [id=15932]
  0x0000014cdee46000 ConcurrentGCThread "G1 Conc#2" [stack: 0x0000000b5f100000,0x0000000b5f200000] [id=14988]
  0x0000014cd5671800 ConcurrentGCThread "G1 Refine#0" [stack: 0x0000000b5be00000,0x0000000b5bf00000] [id=18028]
  0x0000014cd5672800 ConcurrentGCThread "G1 Young RemSet Sampling" [stack: 0x0000000b5bf00000,0x0000000b5c000000] [id=7876]

Threads with active compile tasks:
C2 CompilerThread0   112386 5513 %     4       com.sun.javafx.css.SelectorPartitioning::match @ 544 (696 bytes)

VM state:not at safepoint (normal execution)

VM Mutex/Monitor currently owned by a thread: None

Heap address: 0x0000000722400000, size: 3548 MB, Compressed Oops mode: Zero based, Oop shift amount: 3
Narrow klass base: 0x0000000800000000, Narrow klass shift: 0
Compressed class space size: 1073741824 Address: 0x0000000800000000

Heap:
 garbage-first heap   total 227328K, used 139829K [0x0000000722400000, 0x0000000800000000)
  region size 1024K, 43 young (44032K), 7 survivors (7168K)
 Metaspace       used 28709K, capacity 29888K, committed 30080K, reserved 1075200K
  class space    used 3647K, capacity 4127K, committed 4224K, reserved 1048576K
Heap Regions: E=young(eden), S=young(survivor), O=old, HS=humongous(starts), HC=humongous(continues), CS=collection set, F=free, A=archive, TAMS=top-at-mark-start (previous, next)
|   0|0x0000000722400000, 0x0000000722500000, 0x0000000722500000|100%|HS|  |TAMS 0x0000000722400000, 0x0000000722400000| Complete 
|   1|0x0000000722500000, 0x0000000722600000, 0x0000000722600000|100%|HC|  |TAMS 0x0000000722500000, 0x0000000722500000| Complete 
|   2|0x0000000722600000, 0x0000000722700000, 0x0000000722700000|100%|HC|  |TAMS 0x0000000722600000, 0x0000000722600000| Complete 
|   3|0x0000000722700000, 0x0000000722800000, 0x0000000722800000|100%|HC|  |TAMS 0x0000000722700000, 0x0000000722700000| Complete 
|   4|0x0000000722800000, 0x0000000722900000, 0x0000000722900000|100%|HC|  |TAMS 0x0000000722800000, 0x0000000722800000| Complete 
|   5|0x0000000722900000, 0x0000000722a00000, 0x0000000722a00000|100%|HC|  |TAMS 0x0000000722900000, 0x0000000722900000| Complete 
|   6|0x0000000722a00000, 0x0000000722b00000, 0x0000000722b00000|100%| O|  |TAMS 0x0000000722a00000, 0x0000000722a00000| Untracked 
|   7|0x0000000722b00000, 0x0000000722c00000, 0x0000000722c00000|100%|HS|  |TAMS 0x0000000722b00000, 0x0000000722b00000| Complete 
|   8|0x0000000722c00000, 0x0000000722d00000, 0x0000000722d00000|100%|HC|  |TAMS 0x0000000722c00000, 0x0000000722c00000| Complete 
|   9|0x0000000722d00000, 0x0000000722e00000, 0x0000000722e00000|100%|HS|  |TAMS 0x0000000722d00000, 0x0000000722d00000| Complete 
|  10|0x0000000722e00000, 0x0000000722f00000, 0x0000000722f00000|100%|HC|  |TAMS 0x0000000722e00000, 0x0000000722e00000| Complete 
|  11|0x0000000722f00000, 0x0000000723000000, 0x0000000723000000|100%|HS|  |TAMS 0x0000000722f00000, 0x0000000722f00000| Complete 
|  12|0x0000000723000000, 0x0000000723100000, 0x0000000723100000|100%|HC|  |TAMS 0x0000000723000000, 0x0000000723000000| Complete 
|  13|0x0000000723100000, 0x0000000723200000, 0x0000000723200000|100%|HC|  |TAMS 0x0000000723100000, 0x0000000723100000| Complete 
|  14|0x0000000723200000, 0x0000000723300000, 0x0000000723300000|100%|HC|  |TAMS 0x0000000723200000, 0x0000000723200000| Complete 
|  15|0x0000000723300000, 0x0000000723400000, 0x0000000723400000|100%|HC|  |TAMS 0x0000000723300000, 0x0000000723300000| Complete 
|  16|0x0000000723400000, 0x0000000723500000, 0x0000000723500000|100%|HC|  |TAMS 0x0000000723400000, 0x0000000723400000| Complete 
|  17|0x0000000723500000, 0x0000000723600000, 0x0000000723600000|100%|HS|  |TAMS 0x0000000723500000, 0x0000000723500000| Complete 
|  18|0x0000000723600000, 0x0000000723700000, 0x0000000723700000|100%|HC|  |TAMS 0x0000000723600000, 0x0000000723600000| Complete 
|  19|0x0000000723700000, 0x0000000723800000, 0x0000000723800000|100%|HC|  |TAMS 0x0000000723700000, 0x0000000723700000| Complete 
|  20|0x0000000723800000, 0x0000000723900000, 0x0000000723900000|100%|HC|  |TAMS 0x0000000723800000, 0x0000000723800000| Complete 
|  21|0x0000000723900000, 0x0000000723a00000, 0x0000000723a00000|100%|HC|  |TAMS 0x0000000723900000, 0x0000000723900000| Complete 
|  22|0x0000000723a00000, 0x0000000723b00000, 0x0000000723b00000|100%|HC|  |TAMS 0x0000000723a00000, 0x0000000723a00000| Complete 
|  23|0x0000000723b00000, 0x0000000723c00000, 0x0000000723c00000|100%|HS|  |TAMS 0x0000000723b00000, 0x0000000723b00000| Complete 
|  24|0x0000000723c00000, 0x0000000723d00000, 0x0000000723d00000|100%|HC|  |TAMS 0x0000000723c00000, 0x0000000723c00000| Complete 
|  25|0x0000000723d00000, 0x0000000723e00000, 0x0000000723e00000|100%|HC|  |TAMS 0x0000000723d00000, 0x0000000723d00000| Complete 
|  26|0x0000000723e00000, 0x0000000723f00000, 0x0000000723f00000|100%|HC|  |TAMS 0x0000000723e00000, 0x0000000723e00000| Complete 
|  27|0x0000000723f00000, 0x0000000724000000, 0x0000000724000000|100%|HC|  |TAMS 0x0000000723f00000, 0x0000000723f00000| Complete 
|  28|0x0000000724000000, 0x0000000724100000, 0x0000000724100000|100%|HC|  |TAMS 0x0000000724000000, 0x0000000724000000| Complete 
|  29|0x0000000724100000, 0x0000000724200000, 0x0000000724200000|100%|HC|  |TAMS 0x0000000724100000, 0x0000000724100000| Complete 
|  30|0x0000000724200000, 0x0000000724300000, 0x0000000724300000|100%|HS|  |TAMS 0x0000000724200000, 0x0000000724200000| Complete 
|  31|0x0000000724300000, 0x0000000724400000, 0x0000000724400000|100%|HC|  |TAMS 0x0000000724300000, 0x0000000724300000| Complete 
|  32|0x0000000724400000, 0x0000000724500000, 0x0000000724500000|100%|HC|  |TAMS 0x0000000724400000, 0x0000000724400000| Complete 
|  33|0x0000000724500000, 0x0000000724600000, 0x0000000724600000|100%|HC|  |TAMS 0x0000000724500000, 0x0000000724500000| Complete 
|  34|0x0000000724600000, 0x0000000724700000, 0x0000000724700000|100%|HC|  |TAMS 0x0000000724600000, 0x0000000724600000| Complete 
|  35|0x0000000724700000, 0x0000000724800000, 0x0000000724800000|100%|HC|  |TAMS 0x0000000724700000, 0x0000000724700000| Complete 
|  36|0x0000000724800000, 0x0000000724900000, 0x0000000724900000|100%|HC|  |TAMS 0x0000000724800000, 0x0000000724800000| Complete 
|  37|0x0000000724900000, 0x0000000724a00000, 0x0000000724a00000|100%| O|  |TAMS 0x0000000724900000, 0x0000000724900000| Untracked 
|  38|0x0000000724a00000, 0x0000000724b00000, 0x0000000724b00000|100%| O|  |TAMS 0x0000000724a00000, 0x0000000724a00000| Untracked 
|  39|0x0000000724b00000, 0x0000000724b0fe00, 0x0000000724c00000|  6%| O|  |TAMS 0x0000000724b00000, 0x0000000724b00000| Untracked 
|  40|0x0000000724c00000, 0x0000000724d00000, 0x0000000724d00000|100%|HS|  |TAMS 0x0000000724c00000, 0x0000000724c00000| Complete 
|  41|0x0000000724d00000, 0x0000000724e00000, 0x0000000724e00000|100%|HC|  |TAMS 0x0000000724d00000, 0x0000000724d00000| Complete 
|  42|0x0000000724e00000, 0x0000000724f00000, 0x0000000724f00000|100%|HC|  |TAMS 0x0000000724e00000, 0x0000000724e00000| Complete 
|  43|0x0000000724f00000, 0x0000000725000000, 0x0000000725000000|100%|HC|  |TAMS 0x0000000724f00000, 0x0000000724f00000| Complete 
|  44|0x0000000725000000, 0x0000000725100000, 0x0000000725100000|100%|HC|  |TAMS 0x0000000725000000, 0x0000000725000000| Complete 
|  45|0x0000000725100000, 0x0000000725200000, 0x0000000725200000|100%|HC|  |TAMS 0x0000000725100000, 0x0000000725100000| Complete 
|  46|0x0000000725200000, 0x0000000725300000, 0x0000000725300000|100%|HC|  |TAMS 0x0000000725200000, 0x0000000725200000| Complete 
|  47|0x0000000725300000, 0x0000000725400000, 0x0000000725400000|100%|HS|  |TAMS 0x0000000725300000, 0x0000000725300000| Complete 
|  48|0x0000000725400000, 0x0000000725500000, 0x0000000725500000|100%|HC|  |TAMS 0x0000000725400000, 0x0000000725400000| Complete 
|  49|0x0000000725500000, 0x0000000725600000, 0x0000000725600000|100%|HC|  |TAMS 0x0000000725500000, 0x0000000725500000| Complete 
|  50|0x0000000725600000, 0x0000000725700000, 0x0000000725700000|100%|HC|  |TAMS 0x0000000725600000, 0x0000000725600000| Complete 
|  51|0x0000000725700000, 0x0000000725800000, 0x0000000725800000|100%|HC|  |TAMS 0x0000000725700000, 0x0000000725700000| Complete 
|  52|0x0000000725800000, 0x0000000725900000, 0x0000000725900000|100%|HC|  |TAMS 0x0000000725800000, 0x0000000725800000| Complete 
|  53|0x0000000725900000, 0x0000000725a00000, 0x0000000725a00000|100%|HC|  |TAMS 0x0000000725900000, 0x0000000725900000| Complete 
|  54|0x0000000725a00000, 0x0000000725b00000, 0x0000000725b00000|100%|HS|  |TAMS 0x0000000725a00000, 0x0000000725a00000| Complete 
|  55|0x0000000725b00000, 0x0000000725c00000, 0x0000000725c00000|100%|HC|  |TAMS 0x0000000725b00000, 0x0000000725b00000| Complete 
|  56|0x0000000725c00000, 0x0000000725d00000, 0x0000000725d00000|100%|HC|  |TAMS 0x0000000725c00000, 0x0000000725c00000| Complete 
|  57|0x0000000725d00000, 0x0000000725e00000, 0x0000000725e00000|100%|HC|  |TAMS 0x0000000725d00000, 0x0000000725d00000| Complete 
|  58|0x0000000725e00000, 0x0000000725f00000, 0x0000000725f00000|100%|HC|  |TAMS 0x0000000725e00000, 0x0000000725e00000| Complete 
|  59|0x0000000725f00000, 0x0000000726000000, 0x0000000726000000|100%|HC|  |TAMS 0x0000000725f00000, 0x0000000725f00000| Complete 
|  60|0x0000000726000000, 0x0000000726100000, 0x0000000726100000|100%|HS|  |TAMS 0x0000000726000000, 0x0000000726000000| Complete 
|  61|0x0000000726100000, 0x0000000726200000, 0x0000000726200000|100%|HC|  |TAMS 0x0000000726100000, 0x0000000726100000| Complete 
|  62|0x0000000726200000, 0x0000000726300000, 0x0000000726300000|100%|HC|  |TAMS 0x0000000726200000, 0x0000000726200000| Complete 
|  63|0x0000000726300000, 0x0000000726400000, 0x0000000726400000|100%|HC|  |TAMS 0x0000000726300000, 0x0000000726300000| Complete 
|  64|0x0000000726400000, 0x0000000726500000, 0x0000000726500000|100%|HC|  |TAMS 0x0000000726400000, 0x0000000726400000| Complete 
|  65|0x0000000726500000, 0x0000000726600000, 0x0000000726600000|100%|HC|  |TAMS 0x0000000726500000, 0x0000000726500000| Complete 
|  66|0x0000000726600000, 0x0000000726700000, 0x0000000726700000|100%|HS|  |TAMS 0x0000000726600000, 0x0000000726600000| Complete 
|  67|0x0000000726700000, 0x0000000726800000, 0x0000000726800000|100%|HC|  |TAMS 0x0000000726700000, 0x0000000726700000| Complete 
|  68|0x0000000726800000, 0x0000000726900000, 0x0000000726900000|100%|HC|  |TAMS 0x0000000726800000, 0x0000000726800000| Complete 
|  69|0x0000000726900000, 0x0000000726a00000, 0x0000000726a00000|100%|HC|  |TAMS 0x0000000726900000, 0x0000000726900000| Complete 
|  70|0x0000000726a00000, 0x0000000726b00000, 0x0000000726b00000|100%|HC|  |TAMS 0x0000000726a00000, 0x0000000726a00000| Complete 
|  71|0x0000000726b00000, 0x0000000726c00000, 0x0000000726c00000|100%|HC|  |TAMS 0x0000000726b00000, 0x0000000726b00000| Complete 
|  72|0x0000000726c00000, 0x0000000726d00000, 0x0000000726d00000|100%|HC|  |TAMS 0x0000000726c00000, 0x0000000726c00000| Complete 
|  73|0x0000000726d00000, 0x0000000726e00000, 0x0000000726e00000|100%|HS|  |TAMS 0x0000000726d00000, 0x0000000726d00000| Complete 
|  74|0x0000000726e00000, 0x0000000726f00000, 0x0000000726f00000|100%|HC|  |TAMS 0x0000000726e00000, 0x0000000726e00000| Complete 
|  75|0x0000000726f00000, 0x0000000727000000, 0x0000000727000000|100%|HS|  |TAMS 0x0000000726f00000, 0x0000000726f00000| Complete 
|  76|0x0000000727000000, 0x0000000727100000, 0x0000000727100000|100%|HC|  |TAMS 0x0000000727000000, 0x0000000727000000| Complete 
|  77|0x0000000727100000, 0x0000000727200000, 0x0000000727200000|100%|HC|  |TAMS 0x0000000727100000, 0x0000000727100000| Complete 
|  78|0x0000000727200000, 0x0000000727300000, 0x0000000727300000|100%|HC|  |TAMS 0x0000000727200000, 0x0000000727200000| Complete 
|  79|0x0000000727300000, 0x0000000727400000, 0x0000000727400000|100%|HC|  |TAMS 0x0000000727300000, 0x0000000727300000| Complete 
|  80|0x0000000727400000, 0x0000000727500000, 0x0000000727500000|100%|HC|  |TAMS 0x0000000727400000, 0x0000000727400000| Complete 
|  81|0x0000000727500000, 0x0000000727600000, 0x0000000727600000|100%|HS|  |TAMS 0x0000000727500000, 0x0000000727500000| Complete 
|  82|0x0000000727600000, 0x0000000727700000, 0x0000000727700000|100%|HC|  |TAMS 0x0000000727600000, 0x0000000727600000| Complete 
|  83|0x0000000727700000, 0x0000000727800000, 0x0000000727800000|100%|HC|  |TAMS 0x0000000727700000, 0x0000000727700000| Complete 
|  84|0x0000000727800000, 0x0000000727900000, 0x0000000727900000|100%|HC|  |TAMS 0x0000000727800000, 0x0000000727800000| Complete 
|  85|0x0000000727900000, 0x0000000727a00000, 0x0000000727a00000|100%|HC|  |TAMS 0x0000000727900000, 0x0000000727900000| Complete 
|  86|0x0000000727a00000, 0x0000000727b00000, 0x0000000727b00000|100%|HC|  |TAMS 0x0000000727a00000, 0x0000000727a00000| Complete 
|  87|0x0000000727b00000, 0x0000000727c00000, 0x0000000727c00000|100%|HS|  |TAMS 0x0000000727b00000, 0x0000000727b00000| Complete 
|  88|0x0000000727c00000, 0x0000000727d00000, 0x0000000727d00000|100%|HS|  |TAMS 0x0000000727c00000, 0x0000000727c00000| Complete 
|  89|0x0000000727d00000, 0x0000000727e00000, 0x0000000727e00000|100%|HS|  |TAMS 0x0000000727d00000, 0x0000000727d00000| Complete 
|  90|0x0000000727e00000, 0x0000000727f00000, 0x0000000727f00000|100%|HS|  |TAMS 0x0000000727e00000, 0x0000000727e00000| Complete 
|  91|0x0000000727f00000, 0x0000000728000000, 0x0000000728000000|100%|HC|  |TAMS 0x0000000727f00000, 0x0000000727f00000| Complete 
|  92|0x0000000728000000, 0x0000000728100000, 0x0000000728100000|100%|HC|  |TAMS 0x0000000728000000, 0x0000000728000000| Complete 
|  93|0x0000000728100000, 0x0000000728200000, 0x0000000728200000|100%|HC|  |TAMS 0x0000000728100000, 0x0000000728100000| Complete 
|  94|0x0000000728200000, 0x0000000728300000, 0x0000000728300000|100%|HC|  |TAMS 0x0000000728200000, 0x0000000728200000| Complete 
|  95|0x0000000728300000, 0x0000000728400000, 0x0000000728400000|100%|HC|  |TAMS 0x0000000728300000, 0x0000000728300000| Complete 
|  96|0x0000000728400000, 0x0000000728400000, 0x0000000728500000|  0%| F|  |TAMS 0x0000000728400000, 0x0000000728400000| Untracked 
|  97|0x0000000728500000, 0x0000000728500000, 0x0000000728600000|  0%| F|  |TAMS 0x0000000728500000, 0x0000000728500000| Untracked 
|  98|0x0000000728600000, 0x0000000728600000, 0x0000000728700000|  0%| F|  |TAMS 0x0000000728600000, 0x0000000728600000| Untracked 
|  99|0x0000000728700000, 0x0000000728700000, 0x0000000728800000|  0%| F|  |TAMS 0x0000000728700000, 0x0000000728700000| Untracked 
| 100|0x0000000728800000, 0x0000000728800000, 0x0000000728900000|  0%| F|  |TAMS 0x0000000728800000, 0x0000000728800000| Untracked 
| 101|0x0000000728900000, 0x0000000728900000, 0x0000000728a00000|  0%| F|  |TAMS 0x0000000728900000, 0x0000000728900000| Untracked 
| 102|0x0000000728a00000, 0x0000000728a00000, 0x0000000728b00000|  0%| F|  |TAMS 0x0000000728a00000, 0x0000000728a00000| Untracked 
| 103|0x0000000728b00000, 0x0000000728b00000, 0x0000000728c00000|  0%| F|  |TAMS 0x0000000728b00000, 0x0000000728b00000| Untracked 
| 104|0x0000000728c00000, 0x0000000728c00000, 0x0000000728d00000|  0%| F|  |TAMS 0x0000000728c00000, 0x0000000728c00000| Untracked 
| 105|0x0000000728d00000, 0x0000000728d00000, 0x0000000728e00000|  0%| F|  |TAMS 0x0000000728d00000, 0x0000000728d00000| Untracked 
| 106|0x0000000728e00000, 0x0000000728e00000, 0x0000000728f00000|  0%| F|  |TAMS 0x0000000728e00000, 0x0000000728e00000| Untracked 
| 107|0x0000000728f00000, 0x0000000728f00000, 0x0000000729000000|  0%| F|  |TAMS 0x0000000728f00000, 0x0000000728f00000| Untracked 
| 108|0x0000000729000000, 0x0000000729000000, 0x0000000729100000|  0%| F|  |TAMS 0x0000000729000000, 0x0000000729000000| Untracked 
| 109|0x0000000729100000, 0x0000000729100000, 0x0000000729200000|  0%| F|  |TAMS 0x0000000729100000, 0x0000000729100000| Untracked 
| 110|0x0000000729200000, 0x0000000729200000, 0x0000000729300000|  0%| F|  |TAMS 0x0000000729200000, 0x0000000729200000| Untracked 
| 111|0x0000000729300000, 0x0000000729300000, 0x0000000729400000|  0%| F|  |TAMS 0x0000000729300000, 0x0000000729300000| Untracked 
| 112|0x0000000729400000, 0x0000000729400000, 0x0000000729500000|  0%| F|  |TAMS 0x0000000729400000, 0x0000000729400000| Untracked 
| 113|0x0000000729500000, 0x0000000729500000, 0x0000000729600000|  0%| F|  |TAMS 0x0000000729500000, 0x0000000729500000| Untracked 
| 114|0x0000000729600000, 0x0000000729600000, 0x0000000729700000|  0%| F|  |TAMS 0x0000000729600000, 0x0000000729600000| Untracked 
| 115|0x0000000729700000, 0x0000000729700000, 0x0000000729800000|  0%| F|  |TAMS 0x0000000729700000, 0x0000000729700000| Untracked 
| 116|0x0000000729800000, 0x0000000729800000, 0x0000000729900000|  0%| F|  |TAMS 0x0000000729800000, 0x0000000729800000| Untracked 
| 117|0x0000000729900000, 0x0000000729900000, 0x0000000729a00000|  0%| F|  |TAMS 0x0000000729900000, 0x0000000729900000| Untracked 
| 118|0x0000000729a00000, 0x0000000729a00000, 0x0000000729b00000|  0%| F|  |TAMS 0x0000000729a00000, 0x0000000729a00000| Untracked 
| 119|0x0000000729b00000, 0x0000000729b00000, 0x0000000729c00000|  0%| F|  |TAMS 0x0000000729b00000, 0x0000000729b00000| Untracked 
| 120|0x0000000729c00000, 0x0000000729c00000, 0x0000000729d00000|  0%| F|  |TAMS 0x0000000729c00000, 0x0000000729c00000| Untracked 
| 121|0x0000000729d00000, 0x0000000729d00000, 0x0000000729e00000|  0%| F|  |TAMS 0x0000000729d00000, 0x0000000729d00000| Untracked 
| 122|0x0000000729e00000, 0x0000000729e00000, 0x0000000729f00000|  0%| F|  |TAMS 0x0000000729e00000, 0x0000000729e00000| Untracked 
| 123|0x0000000729f00000, 0x0000000729f00000, 0x000000072a000000|  0%| F|  |TAMS 0x0000000729f00000, 0x0000000729f00000| Untracked 
| 124|0x000000072a000000, 0x000000072a000000, 0x000000072a100000|  0%| F|  |TAMS 0x000000072a000000, 0x000000072a000000| Untracked 
| 125|0x000000072a100000, 0x000000072a100000, 0x000000072a200000|  0%| F|  |TAMS 0x000000072a100000, 0x000000072a100000| Untracked 
| 126|0x000000072a200000, 0x000000072a200000, 0x000000072a300000|  0%| F|  |TAMS 0x000000072a200000, 0x000000072a200000| Untracked 
| 127|0x000000072a300000, 0x000000072a300000, 0x000000072a400000|  0%| F|  |TAMS 0x000000072a300000, 0x000000072a300000| Untracked 
| 128|0x000000072a400000, 0x000000072a400000, 0x000000072a500000|  0%| F|  |TAMS 0x000000072a400000, 0x000000072a400000| Untracked 
| 129|0x000000072a500000, 0x000000072a500000, 0x000000072a600000|  0%| F|  |TAMS 0x000000072a500000, 0x000000072a500000| Untracked 
| 130|0x000000072a600000, 0x000000072a600000, 0x000000072a700000|  0%| F|  |TAMS 0x000000072a600000, 0x000000072a600000| Untracked 
| 131|0x000000072a700000, 0x000000072a700000, 0x000000072a800000|  0%| F|  |TAMS 0x000000072a700000, 0x000000072a700000| Untracked 
| 132|0x000000072a800000, 0x000000072a800000, 0x000000072a900000|  0%| F|  |TAMS 0x000000072a800000, 0x000000072a800000| Untracked 
| 133|0x000000072a900000, 0x000000072a900000, 0x000000072aa00000|  0%| F|  |TAMS 0x000000072a900000, 0x000000072a900000| Untracked 
| 134|0x000000072aa00000, 0x000000072aa00000, 0x000000072ab00000|  0%| F|  |TAMS 0x000000072aa00000, 0x000000072aa00000| Untracked 
| 135|0x000000072ab00000, 0x000000072ab00000, 0x000000072ac00000|  0%| F|  |TAMS 0x000000072ab00000, 0x000000072ab00000| Untracked 
| 136|0x000000072ac00000, 0x000000072ac00000, 0x000000072ad00000|  0%| F|  |TAMS 0x000000072ac00000, 0x000000072ac00000| Untracked 
| 137|0x000000072ad00000, 0x000000072ad00000, 0x000000072ae00000|  0%| F|  |TAMS 0x000000072ad00000, 0x000000072ad00000| Untracked 
| 138|0x000000072ae00000, 0x000000072ae00000, 0x000000072af00000|  0%| F|  |TAMS 0x000000072ae00000, 0x000000072ae00000| Untracked 
| 139|0x000000072af00000, 0x000000072af00000, 0x000000072b000000|  0%| F|  |TAMS 0x000000072af00000, 0x000000072af00000| Untracked 
| 140|0x000000072b000000, 0x000000072b000000, 0x000000072b100000|  0%| F|  |TAMS 0x000000072b000000, 0x000000072b000000| Untracked 
| 141|0x000000072b100000, 0x000000072b100000, 0x000000072b200000|  0%| F|  |TAMS 0x000000072b100000, 0x000000072b100000| Untracked 
| 142|0x000000072b200000, 0x000000072b200000, 0x000000072b300000|  0%| F|  |TAMS 0x000000072b200000, 0x000000072b200000| Untracked 
| 143|0x000000072b300000, 0x000000072b300000, 0x000000072b400000|  0%| F|  |TAMS 0x000000072b300000, 0x000000072b300000| Untracked 
| 144|0x000000072b400000, 0x000000072b400000, 0x000000072b500000|  0%| F|  |TAMS 0x000000072b400000, 0x000000072b400000| Untracked 
| 145|0x000000072b500000, 0x000000072b500000, 0x000000072b600000|  0%| F|  |TAMS 0x000000072b500000, 0x000000072b500000| Untracked 
| 146|0x000000072b600000, 0x000000072b600000, 0x000000072b700000|  0%| F|  |TAMS 0x000000072b600000, 0x000000072b600000| Untracked 
| 147|0x000000072b700000, 0x000000072b700000, 0x000000072b800000|  0%| F|  |TAMS 0x000000072b700000, 0x000000072b700000| Untracked 
| 148|0x000000072b800000, 0x000000072b800000, 0x000000072b900000|  0%| F|  |TAMS 0x000000072b800000, 0x000000072b800000| Untracked 
| 149|0x000000072b900000, 0x000000072b900000, 0x000000072ba00000|  0%| F|  |TAMS 0x000000072b900000, 0x000000072b900000| Untracked 
| 150|0x000000072ba00000, 0x000000072ba00000, 0x000000072bb00000|  0%| F|  |TAMS 0x000000072ba00000, 0x000000072ba00000| Untracked 
| 151|0x000000072bb00000, 0x000000072bb00000, 0x000000072bc00000|  0%| F|  |TAMS 0x000000072bb00000, 0x000000072bb00000| Untracked 
| 152|0x000000072bc00000, 0x000000072bc00000, 0x000000072bd00000|  0%| F|  |TAMS 0x000000072bc00000, 0x000000072bc00000| Untracked 
| 153|0x000000072bd00000, 0x000000072bd00000, 0x000000072be00000|  0%| F|  |TAMS 0x000000072bd00000, 0x000000072bd00000| Untracked 
| 154|0x000000072be00000, 0x000000072be00000, 0x000000072bf00000|  0%| F|  |TAMS 0x000000072be00000, 0x000000072be00000| Untracked 
| 155|0x000000072bf00000, 0x000000072bf00000, 0x000000072c000000|  0%| F|  |TAMS 0x000000072bf00000, 0x000000072bf00000| Untracked 
| 156|0x000000072c000000, 0x000000072c07d9c0, 0x000000072c100000| 49%| S|CS|TAMS 0x000000072c000000, 0x000000072c000000| Complete 
| 157|0x000000072c100000, 0x000000072c200000, 0x000000072c200000|100%| S|CS|TAMS 0x000000072c100000, 0x000000072c100000| Complete 
| 158|0x000000072c200000, 0x000000072c300000, 0x000000072c300000|100%| S|CS|TAMS 0x000000072c200000, 0x000000072c200000| Complete 
| 159|0x000000072c300000, 0x000000072c400000, 0x000000072c400000|100%| S|CS|TAMS 0x000000072c300000, 0x000000072c300000| Complete 
| 160|0x000000072c400000, 0x000000072c500000, 0x000000072c500000|100%| S|CS|TAMS 0x000000072c400000, 0x000000072c400000| Complete 
| 161|0x000000072c500000, 0x000000072c600000, 0x000000072c600000|100%| S|CS|TAMS 0x000000072c500000, 0x000000072c500000| Complete 
| 162|0x000000072c600000, 0x000000072c700000, 0x000000072c700000|100%| S|CS|TAMS 0x000000072c600000, 0x000000072c600000| Complete 
| 163|0x000000072c700000, 0x000000072c700000, 0x000000072c800000|  0%| F|  |TAMS 0x000000072c700000, 0x000000072c700000| Untracked 
| 164|0x000000072c800000, 0x000000072c800000, 0x000000072c900000|  0%| F|  |TAMS 0x000000072c800000, 0x000000072c800000| Untracked 
| 165|0x000000072c900000, 0x000000072c900000, 0x000000072ca00000|  0%| F|  |TAMS 0x000000072c900000, 0x000000072c900000| Untracked 
| 166|0x000000072ca00000, 0x000000072ca00000, 0x000000072cb00000|  0%| F|  |TAMS 0x000000072ca00000, 0x000000072ca00000| Untracked 
| 167|0x000000072cb00000, 0x000000072cb00000, 0x000000072cc00000|  0%| F|  |TAMS 0x000000072cb00000, 0x000000072cb00000| Untracked 
| 168|0x000000072cc00000, 0x000000072cc00000, 0x000000072cd00000|  0%| F|  |TAMS 0x000000072cc00000, 0x000000072cc00000| Untracked 
| 169|0x000000072cd00000, 0x000000072cd00000, 0x000000072ce00000|  0%| F|  |TAMS 0x000000072cd00000, 0x000000072cd00000| Untracked 
| 170|0x000000072ce00000, 0x000000072ce00000, 0x000000072cf00000|  0%| F|  |TAMS 0x000000072ce00000, 0x000000072ce00000| Untracked 
| 171|0x000000072cf00000, 0x000000072cf00000, 0x000000072d000000|  0%| F|  |TAMS 0x000000072cf00000, 0x000000072cf00000| Untracked 
| 172|0x000000072d000000, 0x000000072d000000, 0x000000072d100000|  0%| F|  |TAMS 0x000000072d000000, 0x000000072d000000| Untracked 
| 173|0x000000072d100000, 0x000000072d100000, 0x000000072d200000|  0%| F|  |TAMS 0x000000072d100000, 0x000000072d100000| Untracked 
| 174|0x000000072d200000, 0x000000072d200000, 0x000000072d300000|  0%| F|  |TAMS 0x000000072d200000, 0x000000072d200000| Untracked 
| 175|0x000000072d300000, 0x000000072d300000, 0x000000072d400000|  0%| F|  |TAMS 0x000000072d300000, 0x000000072d300000| Untracked 
| 176|0x000000072d400000, 0x000000072d400000, 0x000000072d500000|  0%| F|  |TAMS 0x000000072d400000, 0x000000072d400000| Untracked 
| 177|0x000000072d500000, 0x000000072d500000, 0x000000072d600000|  0%| F|  |TAMS 0x000000072d500000, 0x000000072d500000| Untracked 
| 178|0x000000072d600000, 0x000000072d600000, 0x000000072d700000|  0%| F|  |TAMS 0x000000072d600000, 0x000000072d600000| Untracked 
| 179|0x000000072d700000, 0x000000072d700000, 0x000000072d800000|  0%| F|  |TAMS 0x000000072d700000, 0x000000072d700000| Untracked 
| 180|0x000000072d800000, 0x000000072d800000, 0x000000072d900000|  0%| F|  |TAMS 0x000000072d800000, 0x000000072d800000| Untracked 
| 181|0x000000072d900000, 0x000000072d900000, 0x000000072da00000|  0%| F|  |TAMS 0x000000072d900000, 0x000000072d900000| Untracked 
| 182|0x000000072da00000, 0x000000072da00000, 0x000000072db00000|  0%| F|  |TAMS 0x000000072da00000, 0x000000072da00000| Untracked 
| 183|0x000000072db00000, 0x000000072db00000, 0x000000072dc00000|  0%| F|  |TAMS 0x000000072db00000, 0x000000072db00000| Untracked 
| 184|0x000000072dc00000, 0x000000072dc00000, 0x000000072dd00000|  0%| F|  |TAMS 0x000000072dc00000, 0x000000072dc00000| Untracked 
| 185|0x000000072dd00000, 0x000000072dd00000, 0x000000072de00000|  0%| F|  |TAMS 0x000000072dd00000, 0x000000072dd00000| Untracked 
| 186|0x000000072de00000, 0x000000072de80800, 0x000000072df00000| 50%| E|  |TAMS 0x000000072de00000, 0x000000072de00000| Complete 
| 187|0x000000072df00000, 0x000000072e000000, 0x000000072e000000|100%| E|CS|TAMS 0x000000072df00000, 0x000000072df00000| Complete 
| 188|0x000000072e000000, 0x000000072e100000, 0x000000072e100000|100%| E|CS|TAMS 0x000000072e000000, 0x000000072e000000| Complete 
| 189|0x000000072e100000, 0x000000072e200000, 0x000000072e200000|100%| E|CS|TAMS 0x000000072e100000, 0x000000072e100000| Complete 
| 190|0x000000072e200000, 0x000000072e300000, 0x000000072e300000|100%| E|CS|TAMS 0x000000072e200000, 0x000000072e200000| Complete 
| 191|0x000000072e300000, 0x000000072e400000, 0x000000072e400000|100%| E|CS|TAMS 0x000000072e300000, 0x000000072e300000| Complete 
| 192|0x000000072e400000, 0x000000072e500000, 0x000000072e500000|100%| E|CS|TAMS 0x000000072e400000, 0x000000072e400000| Complete 
| 193|0x000000072e500000, 0x000000072e600000, 0x000000072e600000|100%| E|CS|TAMS 0x000000072e500000, 0x000000072e500000| Complete 
| 194|0x000000072e600000, 0x000000072e700000, 0x000000072e700000|100%| E|CS|TAMS 0x000000072e600000, 0x000000072e600000| Complete 
| 195|0x000000072e700000, 0x000000072e800000, 0x000000072e800000|100%| E|CS|TAMS 0x000000072e700000, 0x000000072e700000| Complete 
| 196|0x000000072e800000, 0x000000072e900000, 0x000000072e900000|100%| E|CS|TAMS 0x000000072e800000, 0x000000072e800000| Complete 
| 197|0x000000072e900000, 0x000000072ea00000, 0x000000072ea00000|100%| E|CS|TAMS 0x000000072e900000, 0x000000072e900000| Complete 
| 198|0x000000072ea00000, 0x000000072eb00000, 0x000000072eb00000|100%| E|CS|TAMS 0x000000072ea00000, 0x000000072ea00000| Complete 
| 199|0x000000072eb00000, 0x000000072ec00000, 0x000000072ec00000|100%| E|CS|TAMS 0x000000072eb00000, 0x000000072eb00000| Complete 
| 200|0x000000072ec00000, 0x000000072ed00000, 0x000000072ed00000|100%| E|CS|TAMS 0x000000072ec00000, 0x000000072ec00000| Complete 
| 201|0x000000072ed00000, 0x000000072ee00000, 0x000000072ee00000|100%| E|CS|TAMS 0x000000072ed00000, 0x000000072ed00000| Complete 
| 202|0x000000072ee00000, 0x000000072ef00000, 0x000000072ef00000|100%| E|CS|TAMS 0x000000072ee00000, 0x000000072ee00000| Complete 
| 203|0x000000072ef00000, 0x000000072f000000, 0x000000072f000000|100%| E|CS|TAMS 0x000000072ef00000, 0x000000072ef00000| Complete 
| 204|0x000000072f000000, 0x000000072f100000, 0x000000072f100000|100%| E|CS|TAMS 0x000000072f000000, 0x000000072f000000| Complete 
| 205|0x000000072f100000, 0x000000072f200000, 0x000000072f200000|100%| E|CS|TAMS 0x000000072f100000, 0x000000072f100000| Complete 
| 206|0x000000072f200000, 0x000000072f300000, 0x000000072f300000|100%| E|CS|TAMS 0x000000072f200000, 0x000000072f200000| Complete 
| 207|0x000000072f300000, 0x000000072f400000, 0x000000072f400000|100%| E|CS|TAMS 0x000000072f300000, 0x000000072f300000| Complete 
| 208|0x000000072f400000, 0x000000072f500000, 0x000000072f500000|100%| E|CS|TAMS 0x000000072f400000, 0x000000072f400000| Complete 
| 209|0x000000072f500000, 0x000000072f600000, 0x000000072f600000|100%| E|CS|TAMS 0x000000072f500000, 0x000000072f500000| Complete 
| 210|0x000000072f600000, 0x000000072f700000, 0x000000072f700000|100%| E|CS|TAMS 0x000000072f600000, 0x000000072f600000| Complete 
| 211|0x000000072f700000, 0x000000072f800000, 0x000000072f800000|100%| E|CS|TAMS 0x000000072f700000, 0x000000072f700000| Complete 
| 212|0x000000072f800000, 0x000000072f900000, 0x000000072f900000|100%| E|CS|TAMS 0x000000072f800000, 0x000000072f800000| Complete 
| 213|0x000000072f900000, 0x000000072fa00000, 0x000000072fa00000|100%| E|CS|TAMS 0x000000072f900000, 0x000000072f900000| Complete 
| 214|0x000000072fa00000, 0x000000072fb00000, 0x000000072fb00000|100%| E|CS|TAMS 0x000000072fa00000, 0x000000072fa00000| Complete 
| 215|0x000000072fb00000, 0x000000072fc00000, 0x000000072fc00000|100%| E|CS|TAMS 0x000000072fb00000, 0x000000072fb00000| Complete 
| 216|0x000000072fc00000, 0x000000072fd00000, 0x000000072fd00000|100%| E|CS|TAMS 0x000000072fc00000, 0x000000072fc00000| Complete 
| 217|0x000000072fd00000, 0x000000072fe00000, 0x000000072fe00000|100%| E|CS|TAMS 0x000000072fd00000, 0x000000072fd00000| Complete 
| 218|0x000000072fe00000, 0x000000072ff00000, 0x000000072ff00000|100%| E|CS|TAMS 0x000000072fe00000, 0x000000072fe00000| Complete 
| 219|0x000000072ff00000, 0x0000000730000000, 0x0000000730000000|100%| E|CS|TAMS 0x000000072ff00000, 0x000000072ff00000| Complete 
| 220|0x0000000730000000, 0x0000000730100000, 0x0000000730100000|100%| E|CS|TAMS 0x0000000730000000, 0x0000000730000000| Complete 
| 221|0x0000000730100000, 0x0000000730200000, 0x0000000730200000|100%| E|CS|TAMS 0x0000000730100000, 0x0000000730100000| Complete 

Card table byte_map: [0x0000014cca9d0000,0x0000014ccb0c0000] _byte_map_base: 0x0000014cc70be000

Marking Bits (Prev, Next): (CMBitMap*) 0x0000014cb1bc8750, (CMBitMap*) 0x0000014cb1bc8718
 Prev Bits: [0x0000014ccef20000, 0x0000014cd2690000)
 Next Bits: [0x0000014ccb7b0000, 0x0000014ccef20000)

Polling page: 0x0000014cba2f0000

Metaspace:

Usage:
  Non-class:     25.16 MB capacity,    24.47 MB ( 97%) used,   565.15 KB (  2%) free+waste,   133.69 KB ( <1%) overhead. 
      Class:      4.03 MB capacity,     3.56 MB ( 88%) used,   412.48 KB ( 10%) free+waste,    66.69 KB (  2%) overhead. 
       Both:     29.19 MB capacity,    28.04 MB ( 96%) used,   977.63 KB (  3%) free+waste,   200.38 KB ( <1%) overhead. 

Virtual space:
  Non-class space:       26.00 MB reserved,      25.25 MB ( 97%) committed 
      Class space:        1.00 GB reserved,       4.13 MB ( <1%) committed 
             Both:        1.03 GB reserved,      29.38 MB (  3%) committed 

Chunk freelists:
   Non-Class:  0 bytes
       Class:  0 bytes
        Both:  0 bytes

MaxMetaspaceSize: 17179869184.00 GB
CompressedClassSpaceSize: 1.00 GB
Initial GC threshold: 20.80 MB
Current GC threshold: 35.00 MB
CDS: off

CodeHeap 'non-profiled nmethods': size=119168Kb used=3150Kb max_used=3150Kb free=116017Kb
 bounds [0x0000014cc1eb0000, 0x0000014cc21d0000, 0x0000014cc9310000]
CodeHeap 'profiled nmethods': size=119168Kb used=12106Kb max_used=12106Kb free=107062Kb
 bounds [0x0000014cbaa50000, 0x0000014cbb630000, 0x0000014cc1eb0000]
CodeHeap 'non-nmethods': size=7424Kb used=2029Kb max_used=3194Kb free=5394Kb
 bounds [0x0000014cba310000, 0x0000014cba630000, 0x0000014cbaa50000]
 total_blobs=6320 nmethods=5508 adapters=723
 compilation: enabled
              stopped_count=0, restarted_count=0
 full_count=0

Compilation events (20 events):
Event: 112.193 Thread 0x0000014cd60aa000 nmethod 5507 0x0000014cbb61db10 code [0x0000014cbb61dce0, 0x0000014cbb61de98]
Event: 112.193 Thread 0x0000014cd60aa000 5505       3       com.sun.javafx.scene.control.inputmap.KeyBinding::shift (7 bytes)
Event: 112.193 Thread 0x0000014cd60aa000 nmethod 5505 0x0000014cbb61df90 code [0x0000014cbb61e140, 0x0000014cbb61e298]
Event: 112.193 Thread 0x0000014cd60aa000 5508       3       com.sun.javafx.scene.control.inputmap.InputMap$KeyMapping::<init> (8 bytes)
Event: 112.193 Thread 0x0000014cd60aa000 nmethod 5508 0x0000014cbb61e310 code [0x0000014cbb61e4c0, 0x0000014cbb61e5e8]
Event: 112.193 Thread 0x0000014cd60aa000 5510       3       javafx.scene.Node::removeEventHandler (13 bytes)
Event: 112.194 Thread 0x0000014cd60aa000 nmethod 5510 0x0000014cbb61e690 code [0x0000014cbb61e8e0, 0x0000014cbb61f138]
Event: 112.194 Thread 0x0000014cd60aa000 5509       1       com.sun.javafx.scene.control.inputmap.KeyBinding::getShift (5 bytes)
Event: 112.194 Thread 0x0000014cd60aa000 nmethod 5509 0x0000014cc21c3590 code [0x0000014cc21c3740, 0x0000014cc21c37f8]
Event: 112.194 Thread 0x0000014cd60aa000 5500       3       javafx.collections.FXCollections::unmodifiableObservableList (21 bytes)
Event: 112.195 Thread 0x0000014cd60aa000 nmethod 5500 0x0000014cbb61f490 code [0x0000014cbb61f660, 0x0000014cbb61f8f8]
Event: 112.195 Thread 0x0000014cd60aa000 5501       3       javafx.collections.FXCollections$UnmodifiableObservableListImpl::<init> (40 bytes)
Event: 112.196 Thread 0x0000014cd60aa000 nmethod 5501 0x0000014cbb61fa10 code [0x0000014cbb61fca0, 0x0000014cbb6209d8]
Event: 112.196 Thread 0x0000014cd60aa000 5502       3       javafx.collections.FXCollections$UnmodifiableObservableListImpl$$Lambda$98/0x000000080011fc40::get$Lambda (9 bytes)
Event: 112.196 Thread 0x0000014cd60aa000 nmethod 5502 0x0000014cbb620e10 code [0x0000014cbb620fe0, 0x0000014cbb621238]
Event: 112.196 Thread 0x0000014cd60aa000 5503       3       javafx.collections.FXCollections$UnmodifiableObservableListImpl$$Lambda$98/0x000000080011fc40::<init> (10 bytes)
Event: 112.196 Thread 0x0000014cd60aa000 nmethod 5503 0x0000014cbb621310 code [0x0000014cbb6214c0, 0x0000014cbb621678]
Event: 112.196 Thread 0x0000014cd60aa000 5512   !   3       com.sun.javafx.collections.ListListenerHelper$Generic::fireValueChangedEvent (147 bytes)
Event: 112.197 Thread 0x0000014cd6099800 5513 %     4       com.sun.javafx.css.SelectorPartitioning::match @ 544 (696 bytes)
Event: 112.198 Thread 0x0000014cd60aa000 nmethod 5512 0x0000014cbb621710 code [0x0000014cbb621980, 0x0000014cbb6221c8]

GC Heap History (6 events):
Event: 1.124 GC heap before
{Heap before GC invocations=0 (full 0):
 garbage-first heap   total 227328K, used 23552K [0x0000000722400000, 0x0000000800000000)
  region size 1024K, 24 young (24576K), 0 survivors (0K)
 Metaspace       used 11482K, capacity 11863K, committed 11904K, reserved 1060864K
  class space    used 1207K, capacity 1372K, committed 1408K, reserved 1048576K
}
Event: 1.128 GC heap after
{Heap after GC invocations=1 (full 0):
 garbage-first heap   total 227328K, used 2892K [0x0000000722400000, 0x0000000800000000)
  region size 1024K, 3 young (3072K), 3 survivors (3072K)
 Metaspace       used 11482K, capacity 11863K, committed 11904K, reserved 1060864K
  class space    used 1207K, capacity 1372K, committed 1408K, reserved 1048576K
}
Event: 2.203 GC heap before
{Heap before GC invocations=1 (full 0):
 garbage-first heap   total 227328K, used 53068K [0x0000000722400000, 0x0000000800000000)
  region size 1024K, 44 young (45056K), 3 survivors (3072K)
 Metaspace       used 20633K, capacity 21203K, committed 21248K, reserved 1067008K
  class space    used 2513K, capacity 2771K, committed 2816K, reserved 1048576K
}
Event: 2.213 GC heap after
{Heap after GC invocations=2 (full 0):
 garbage-first heap   total 227328K, used 15328K [0x0000000722400000, 0x0000000800000000)
  region size 1024K, 7 young (7168K), 7 survivors (7168K)
 Metaspace       used 20633K, capacity 21203K, committed 21248K, reserved 1067008K
  class space    used 2513K, capacity 2771K, committed 2816K, reserved 1048576K
}
Event: 20.023 GC heap before
{Heap before GC invocations=3 (full 0):
 garbage-first heap   total 227328K, used 97248K [0x0000000722400000, 0x0000000800000000)
  region size 1024K, 59 young (60416K), 7 survivors (7168K)
 Metaspace       used 27743K, capacity 28868K, committed 28928K, reserved 1075200K
  class space    used 3624K, capacity 4091K, committed 4096K, reserved 1048576K
}
Event: 20.039 GC heap after
{Heap after GC invocations=4 (full 0):
 garbage-first heap   total 227328K, used 32309K [0x0000000722400000, 0x0000000800000000)
  region size 1024K, 7 young (7168K), 7 survivors (7168K)
 Metaspace       used 27743K, capacity 28868K, committed 28928K, reserved 1075200K
  class space    used 3624K, capacity 4091K, committed 4096K, reserved 1048576K
}

Deoptimization events (20 events):
Event: 109.919 Thread 0x0000014cd636a000 Uncommon trap: trap_request=0xffffff4d fr.pc=0x0000014cc215074c relative=0x00000000000007ec
Event: 109.919 Thread 0x0000014cd636a000 Uncommon trap: reason=unstable_if action=reinterpret pc=0x0000014cc215074c method=com.sun.javafx.geom.transform.AffineBase.scale(DD)V @ 8 c2
Event: 109.919 Thread 0x0000014cd636a000 DEOPT PACKING pc=0x0000014cc215074c sp=0x0000000b5cbfe130
Event: 109.919 Thread 0x0000014cd636a000 DEOPT UNPACKING pc=0x0000014cba35a1af sp=0x0000000b5cbfe018 mode 2
Event: 109.919 Thread 0x0000014cd636a000 Uncommon trap: trap_request=0xffffff4d fr.pc=0x0000014cc209a70c relative=0x000000000000016c
Event: 109.919 Thread 0x0000014cd636a000 Uncommon trap: reason=unstable_if action=reinterpret pc=0x0000014cc209a70c method=com.sun.marlin.Renderer.curveBreakIntoLinesAndAdd(DDLcom/sun/marlin/Curve;DD)V @ 176 c2
Event: 109.919 Thread 0x0000014cd636a000 DEOPT PACKING pc=0x0000014cc209a70c sp=0x0000000b5cbfdd90
Event: 109.920 Thread 0x0000014cd636a000 DEOPT UNPACKING pc=0x0000014cba35a1af sp=0x0000000b5cbfdc90 mode 2
Event: 109.920 Thread 0x0000014cd636a000 Uncommon trap: trap_request=0xffffff4d fr.pc=0x0000014cc20911dc relative=0x000000000000007c
Event: 109.920 Thread 0x0000014cd636a000 Uncommon trap: reason=unstable_if action=reinterpret pc=0x0000014cc20911dc method=com.sun.prism.impl.ps.BaseShaderGraphics.len(FF)F @ 16 c2
Event: 109.920 Thread 0x0000014cd636a000 DEOPT PACKING pc=0x0000014cc20911dc sp=0x0000000b5cbfe630
Event: 109.920 Thread 0x0000014cd636a000 DEOPT UNPACKING pc=0x0000014cba35a1af sp=0x0000000b5cbfe5d0 mode 2
Event: 109.920 Thread 0x0000014cd636a000 Uncommon trap: trap_request=0xffffff4d fr.pc=0x0000014cc2131858 relative=0x0000000000001638
Event: 109.920 Thread 0x0000014cd636a000 Uncommon trap: reason=unstable_if action=reinterpret pc=0x0000014cc2131858 method=com.sun.prism.impl.ps.BaseShaderGraphics.len(FF)F @ 16 c2
Event: 109.920 Thread 0x0000014cd636a000 DEOPT PACKING pc=0x0000014cc2131858 sp=0x0000000b5cbfe4f0
Event: 109.920 Thread 0x0000014cd636a000 DEOPT UNPACKING pc=0x0000014cba35a1af sp=0x0000000b5cbfe370 mode 2
Event: 110.023 Thread 0x0000014cd636a000 Uncommon trap: trap_request=0xffffff4d fr.pc=0x0000014cc20efed8 relative=0x0000000000000178
Event: 110.023 Thread 0x0000014cd636a000 Uncommon trap: reason=unstable_if action=reinterpret pc=0x0000014cc20efed8 method=com.sun.javafx.geom.transform.AffineBase.scale(DD)V @ 8 c2
Event: 110.023 Thread 0x0000014cd636a000 DEOPT PACKING pc=0x0000014cc20efed8 sp=0x0000000b5cbfde40
Event: 110.023 Thread 0x0000014cd636a000 DEOPT UNPACKING pc=0x0000014cba35a1af sp=0x0000000b5cbfdde8 mode 2

Classes redefined (0 events):
No events

Internal exceptions (20 events):
Event: 2.033 Thread 0x0000014cd6efc800 Implicit null exception at 0x0000014cc1eca84f to 0x0000014cc1eca9e4
Event: 2.225 Thread 0x0000014cd6efc800 Exception <a 'java/lang/NoSuchMethodError'{0x000000073006d228}: 'java.lang.Object java.lang.invoke.Invokers$Holder.linkToTargetMethod(java.lang.Object, int, java.lang.Object)'> (0x000000073006d228) thrown at [./src/hotspot/share/interpreter/linkResolver.cpp, line 773]
Event: 2.245 Thread 0x0000014cd6efc800 Exception <a 'java/lang/NoSuchMethodError'{0x000000072ff760a8}: 'java.lang.Object java.lang.invoke.DirectMethodHandle$Holder.invokeInterface(java.lang.Object, java.lang.Object, java.lang.Object)'> (0x000000072ff760a8) thrown at [./src/hotspot/share/interpreter/linkResolver.cpp, line 773]
Event: 2.246 Thread 0x0000014cd6efc800 Exception <a 'java/lang/IncompatibleClassChangeError'{0x000000072ff79260}: Found class java.lang.Object, but interface was expected> (0x000000072ff79260) thrown at [./src/hotspot/share/interpreter/linkResolver.cpp, line 839]
Event: 2.303 Thread 0x0000014cd6efc800 Exception <a 'java/lang/ClassNotFoundException'{0x000000072fc68de0}: com/sun/javafx/scene/control/skin/resources/controls> (0x000000072fc68de0) thrown at [./src/hotspot/share/prims/jni.cpp, line 638]
Event: 2.305 Thread 0x0000014cd6efc800 Exception <a 'java/lang/ClassNotFoundException'{0x000000072fc76dd8}: com/sun/javafx/scene/control/skin/resources/controls_ru> (0x000000072fc76dd8) thrown at [./src/hotspot/share/prims/jni.cpp, line 638]
Event: 2.305 Thread 0x0000014cd6efc800 Exception <a 'java/lang/ClassNotFoundException'{0x000000072fc787a8}: com/sun/javafx/scene/control/skin/resources/controls_ru_RU> (0x000000072fc787a8) thrown at [./src/hotspot/share/prims/jni.cpp, line 638]
Event: 2.339 Thread 0x0000014cd6efc800 Exception <a 'java/lang/NoSuchMethodError'{0x000000072fa714c0}: 'void java.lang.invoke.DirectMethodHandle$Holder.invokeSpecial(java.lang.Object, java.lang.Object, java.lang.Object, java.lang.Object, java.lang.Object, java.lang.Object)'> (0x000000072fa714c0) thrown at [./src/hotspot/share/interpreter/linkResolver.cpp, line 773]
Event: 2.455 Thread 0x0000014cd6efc800 Exception <a 'java/lang/NoSuchMethodError'{0x000000072f52a000}: 'void java.lang.invoke.DirectMethodHandle$Holder.invokeSpecial(java.lang.Object, java.lang.Object, double)'> (0x000000072f52a000) thrown at [./src/hotspot/share/interpreter/linkResolver.cpp, line 773]
Event: 2.456 Thread 0x0000014cd6efc800 Exception <a 'java/lang/NoSuchMethodError'{0x000000072f52fdf8}: 'java.lang.Object java.lang.invoke.DirectMethodHandle$Holder.invokeStatic(java.lang.Object, java.lang.Object, double)'> (0x000000072f52fdf8) thrown at [./src/hotspot/share/interpreter/linkResolver.cpp, line 773]
Event: 2.461 Thread 0x0000014cd6efc800 Exception <a 'java/lang/NoSuchMethodError'{0x000000072f55aa58}: 'long java.lang.invoke.DirectMethodHandle$Holder.invokeStaticInit(java.lang.Object, java.lang.Object, java.lang.Object)'> (0x000000072f55aa58) thrown at [./src/hotspot/share/interpreter/linkResolver.cpp, line 773]
Event: 2.464 Thread 0x0000014cd6efc800 Exception <a 'java/lang/NoSuchMethodError'{0x000000072f5730a0}: 'java.lang.Object java.lang.invoke.DirectMethodHandle$Holder.invokeStatic(java.lang.Object, java.lang.Object, long)'> (0x000000072f5730a0) thrown at [./src/hotspot/share/interpreter/linkResolver.cpp, line 773]
Event: 2.465 Thread 0x0000014cd6efc800 Exception <a 'java/lang/NoSuchMethodError'{0x000000072f579218}: 'java.lang.Object java.lang.invoke.Invokers$Holder.linkToTargetMethod(java.lang.Object, long, java.lang.Object)'> (0x000000072f579218) thrown at [./src/hotspot/share/interpreter/linkResolver.cpp, line 773]
Event: 2.485 Thread 0x0000014cd636a000 Exception <a 'java/lang/NoSuchMethodError'{0x000000072f41a040}: 'int java.lang.invoke.DirectMethodHandle$Holder.invokeStaticInit(java.lang.Object, java.lang.Object)'> (0x000000072f41a040) thrown at [./src/hotspot/share/interpreter/linkResolver.cpp, line 773]
Event: 13.914 Thread 0x0000014cd6efc800 Implicit null exception at 0x0000014cc1fe30c5 to 0x0000014cc1fe3884
Event: 15.145 Thread 0x0000014cd636a000 Exception <a 'java/lang/NoSuchMethodError'{0x000000072cb9a158}: 'java.lang.Object java.lang.invoke.DirectMethodHandle$Holder.invokeStaticInit(java.lang.Object, int)'> (0x000000072cb9a158) thrown at [./src/hotspot/share/interpreter/linkResolver.cpp, line 773]
Event: 16.876 Thread 0x0000014cd6efc800 Exception <a 'java/lang/NoSuchMethodError'{0x000000072c821770}: 'java.lang.Object java.lang.invoke.DirectMethodHandle$Holder.invokeStatic(java.lang.Object, java.lang.Object, java.lang.Object, double, double, double, double, int, int, int, int, int, int, int, int, int)'> (0x000000072c821770) thrown at [./src/hotspot/share/interpreter/linkResolver.cpp, line 773]
Event: 33.146 Thread 0x0000014cd636a000 Implicit null exception at 0x0000014cc2075455 to 0x0000014cc20754c0
Event: 33.146 Thread 0x0000014cd636a000 Implicit null exception at 0x0000014cc2054bd0 to 0x0000014cc2054c30
Event: 93.135 Thread 0x0000014cd6efc800 Exception <a 'java/lang/NoSuchMethodError'{0x000000072ef76140}: 'java.lang.Object java.lang.invoke.DirectMethodHandle$Holder.invokeStatic(java.lang.Object, java.lang.Object, java.lang.Object, int, int, int, int, int)'> (0x000000072ef76140) thrown at [./src/hotspot/share/interpreter/linkResolver.cpp, line 773]

Events (20 events):
Event: 112.033 Thread 0x0000014cde10d000 Thread exited: 0x0000014cde10d000
Event: 112.170 loading class javafx/event/Event
Event: 112.170 loading class javafx/event/Event done
Event: 112.170 loading class javafx/event/ActionEvent
Event: 112.170 loading class javafx/event/ActionEvent done
Event: 112.170 loading class javafx/event/ActionEvent
Event: 112.170 loading class javafx/event/ActionEvent done
Event: 112.170 loading class com/example/website/Admin
Event: 112.170 loading class com/example/website/Admin done
Event: 112.170 loading class javafx/scene/input/MouseEvent
Event: 112.170 loading class javafx/scene/input/MouseEvent done
Event: 112.170 loading class javafx/scene/input/MouseEvent
Event: 112.170 loading class javafx/scene/input/MouseEvent done
Event: 112.170 loading class com/example/website/Admin
Event: 112.170 loading class com/example/website/Admin done
Event: 112.171 loading class javafx/scene/input/MouseEvent
Event: 112.171 loading class javafx/scene/input/MouseEvent done
Event: 112.171 loading class com/example/website/Admin
Event: 112.171 loading class com/example/website/Admin done
Event: 112.192 Thread 0x0000014cd7c3c000 Thread added: 0x0000014cd7c3c000


Dynamic libraries:
0x00007ff661ea0000 - 0x00007ff661ead000 	C:\Program Files\BellSoft\LibericaJDK-11\bin\java.exe
0x00007fff42830000 - 0x00007fff42a28000 	C:\Windows\SYSTEM32\ntdll.dll
0x00007fff423d0000 - 0x00007fff4248f000 	C:\Windows\System32\KERNEL32.DLL
0x00007fff403e0000 - 0x00007fff406b2000 	C:\Windows\System32\KERNELBASE.dll
0x00007fff3ff30000 - 0x00007fff40030000 	C:\Windows\System32\ucrtbase.dll
0x00007fff32070000 - 0x00007fff32087000 	C:\Program Files\BellSoft\LibericaJDK-11\bin\jli.dll
0x00007fff32050000 - 0x00007fff32065000 	C:\Program Files\BellSoft\LibericaJDK-11\bin\VCRUNTIME140.dll
0x00007fff424a0000 - 0x00007fff42641000 	C:\Windows\System32\USER32.dll
0x00007fff40850000 - 0x00007fff40872000 	C:\Windows\System32\win32u.dll
0x00007fff26990000 - 0x00007fff26c2a000 	C:\Windows\WinSxS\amd64_microsoft.windows.common-controls_6595b64144ccf1df_6.0.19041.1110_none_60b5254171f9507e\COMCTL32.dll
0x00007fff41bc0000 - 0x00007fff41beb000 	C:\Windows\System32\GDI32.dll
0x00007fff414d0000 - 0x00007fff4156e000 	C:\Windows\System32\msvcrt.dll
0x00007fff40030000 - 0x00007fff4013f000 	C:\Windows\System32\gdi32full.dll
0x00007fff40780000 - 0x00007fff4081d000 	C:\Windows\System32\msvcp_win.dll
0x00007fff41bf0000 - 0x00007fff41c20000 	C:\Windows\System32\IMM32.DLL
0x00007fff31fb0000 - 0x00007fff3204b000 	C:\Program Files\BellSoft\LibericaJDK-11\bin\msvcp140.dll
0x00007ffef6a60000 - 0x00007ffef75e2000 	C:\Program Files\BellSoft\LibericaJDK-11\bin\server\jvm.dll
0x00007fff40b00000 - 0x00007fff40bae000 	C:\Windows\System32\ADVAPI32.dll
0x00007fff40bb0000 - 0x00007fff40c4c000 	C:\Windows\System32\sechost.dll
0x00007fff40f10000 - 0x00007fff41034000 	C:\Windows\System32\RPCRT4.dll
0x00007fff42490000 - 0x00007fff42498000 	C:\Windows\System32\PSAPI.DLL
0x00007fff2ca60000 - 0x00007fff2ca69000 	C:\Windows\SYSTEM32\WSOCK32.dll
0x00007fff35280000 - 0x00007fff352a7000 	C:\Windows\SYSTEM32\WINMM.dll
0x00007fff371a0000 - 0x00007fff371aa000 	C:\Windows\SYSTEM32\VERSION.dll
0x00007fff41660000 - 0x00007fff416cb000 	C:\Windows\System32\WS2_32.dll
0x00007fff3dfd0000 - 0x00007fff3dfe2000 	C:\Windows\SYSTEM32\kernel.appcore.dll
0x00007fff31750000 - 0x00007fff31760000 	C:\Program Files\BellSoft\LibericaJDK-11\bin\verify.dll
0x00007fff3dc50000 - 0x00007fff3de34000 	C:\Windows\SYSTEM32\DBGHELP.DLL
0x00007fff2f4a0000 - 0x00007fff2f4d5000 	C:\Windows\SYSTEM32\dbgcore.DLL
0x00007fff40350000 - 0x00007fff403d2000 	C:\Windows\System32\bcryptPrimitives.dll
0x00007fff30d50000 - 0x00007fff30d78000 	C:\Program Files\BellSoft\LibericaJDK-11\bin\java.dll
0x00007fff313f0000 - 0x00007fff313fa000 	C:\Program Files\BellSoft\LibericaJDK-11\bin\jimage.dll
0x00007fff30e40000 - 0x00007fff30e58000 	C:\Program Files\BellSoft\LibericaJDK-11\bin\zip.dll
0x00007fff41c20000 - 0x00007fff42365000 	C:\Windows\System32\SHELL32.dll
0x00007fff3dff0000 - 0x00007fff3e782000 	C:\Windows\SYSTEM32\windows.storage.dll
0x00007fff41860000 - 0x00007fff41bb5000 	C:\Windows\System32\combase.dll
0x00007fff3f990000 - 0x00007fff3f9c0000 	C:\Windows\SYSTEM32\Wldp.dll
0x00007fff42730000 - 0x00007fff427dd000 	C:\Windows\System32\SHCORE.dll
0x00007fff41600000 - 0x00007fff41655000 	C:\Windows\System32\shlwapi.dll
0x00007fff3fe70000 - 0x00007fff3fe8f000 	C:\Windows\SYSTEM32\profapi.dll
0x00007fff2f4f0000 - 0x00007fff2f509000 	C:\Program Files\BellSoft\LibericaJDK-11\bin\net.dll
0x00007fff3c4f0000 - 0x00007fff3c5fa000 	C:\Windows\SYSTEM32\WINHTTP.dll
0x00007fff3f6f0000 - 0x00007fff3f75a000 	C:\Windows\system32\mswsock.dll
0x00007fff2d200000 - 0x00007fff2d213000 	C:\Program Files\BellSoft\LibericaJDK-11\bin\nio.dll
0x0000014cd7cc0000 - 0x0000014cd7cc3000 	C:\Users\BEKZHAN\.openjfx\cache\19.0.2+1\amd64\api-ms-win-core-console-l1-1-0.dll
0x0000014cd7cd0000 - 0x0000014cd7cd3000 	C:\Users\BEKZHAN\.openjfx\cache\19.0.2+1\amd64\api-ms-win-core-console-l1-2-0.dll
0x0000014cd7ce0000 - 0x0000014cd7ce3000 	C:\Users\BEKZHAN\.openjfx\cache\19.0.2+1\amd64\api-ms-win-core-datetime-l1-1-0.dll
0x0000014cd7cf0000 - 0x0000014cd7cf3000 	C:\Users\BEKZHAN\.openjfx\cache\19.0.2+1\amd64\api-ms-win-core-debug-l1-1-0.dll
0x0000014cd7d00000 - 0x0000014cd7d03000 	C:\Users\BEKZHAN\.openjfx\cache\19.0.2+1\amd64\api-ms-win-core-errorhandling-l1-1-0.dll
0x0000014cd7d10000 - 0x0000014cd7d14000 	C:\Users\BEKZHAN\.openjfx\cache\19.0.2+1\amd64\api-ms-win-core-file-l1-1-0.dll
0x0000014cd7d20000 - 0x0000014cd7d23000 	C:\Users\BEKZHAN\.openjfx\cache\19.0.2+1\amd64\api-ms-win-core-file-l1-2-0.dll
0x0000014cd7d30000 - 0x0000014cd7d33000 	C:\Users\BEKZHAN\.openjfx\cache\19.0.2+1\amd64\api-ms-win-core-file-l2-1-0.dll
0x0000014cd7d40000 - 0x0000014cd7d43000 	C:\Users\BEKZHAN\.openjfx\cache\19.0.2+1\amd64\api-ms-win-core-handle-l1-1-0.dll
0x0000014cd7d50000 - 0x0000014cd7d53000 	C:\Users\BEKZHAN\.openjfx\cache\19.0.2+1\amd64\api-ms-win-core-heap-l1-1-0.dll
0x0000014cd7d60000 - 0x0000014cd7d63000 	C:\Users\BEKZHAN\.openjfx\cache\19.0.2+1\amd64\api-ms-win-core-interlocked-l1-1-0.dll
0x0000014cd7d70000 - 0x0000014cd7d73000 	C:\Users\BEKZHAN\.openjfx\cache\19.0.2+1\amd64\api-ms-win-core-libraryloader-l1-1-0.dll
0x0000014cd7d80000 - 0x0000014cd7d83000 	C:\Users\BEKZHAN\.openjfx\cache\19.0.2+1\amd64\api-ms-win-core-localization-l1-2-0.dll
0x0000014cd7d90000 - 0x0000014cd7d93000 	C:\Users\BEKZHAN\.openjfx\cache\19.0.2+1\amd64\api-ms-win-core-memory-l1-1-0.dll
0x0000014cd7da0000 - 0x0000014cd7da3000 	C:\Users\BEKZHAN\.openjfx\cache\19.0.2+1\amd64\api-ms-win-core-namedpipe-l1-1-0.dll
0x0000014cd7db0000 - 0x0000014cd7db3000 	C:\Users\BEKZHAN\.openjfx\cache\19.0.2+1\amd64\api-ms-win-core-processenvironment-l1-1-0.dll
0x0000014cd7dc0000 - 0x0000014cd7dc3000 	C:\Users\BEKZHAN\.openjfx\cache\19.0.2+1\amd64\api-ms-win-core-processthreads-l1-1-0.dll
0x0000014cd7dd0000 - 0x0000014cd7dd3000 	C:\Users\BEKZHAN\.openjfx\cache\19.0.2+1\amd64\api-ms-win-core-processthreads-l1-1-1.dll
0x0000014cd7de0000 - 0x0000014cd7de3000 	C:\Users\BEKZHAN\.openjfx\cache\19.0.2+1\amd64\api-ms-win-core-profile-l1-1-0.dll
0x0000014cd7df0000 - 0x0000014cd7df3000 	C:\Users\BEKZHAN\.openjfx\cache\19.0.2+1\amd64\api-ms-win-core-rtlsupport-l1-1-0.dll
0x0000014cd7e00000 - 0x0000014cd7e03000 	C:\Users\BEKZHAN\.openjfx\cache\19.0.2+1\amd64\api-ms-win-core-string-l1-1-0.dll
0x0000014cd7e10000 - 0x0000014cd7e13000 	C:\Users\BEKZHAN\.openjfx\cache\19.0.2+1\amd64\api-ms-win-core-synch-l1-1-0.dll
0x0000014cd7e20000 - 0x0000014cd7e23000 	C:\Users\BEKZHAN\.openjfx\cache\19.0.2+1\amd64\api-ms-win-core-synch-l1-2-0.dll
0x0000014cd7e30000 - 0x0000014cd7e33000 	C:\Users\BEKZHAN\.openjfx\cache\19.0.2+1\amd64\api-ms-win-core-sysinfo-l1-1-0.dll
0x0000014cd7e40000 - 0x0000014cd7e43000 	C:\Users\BEKZHAN\.openjfx\cache\19.0.2+1\amd64\api-ms-win-core-timezone-l1-1-0.dll
0x0000014cd7e50000 - 0x0000014cd7e53000 	C:\Users\BEKZHAN\.openjfx\cache\19.0.2+1\amd64\api-ms-win-core-util-l1-1-0.dll
0x0000014cd7e60000 - 0x0000014cd7e63000 	C:\Users\BEKZHAN\.openjfx\cache\19.0.2+1\amd64\api-ms-win-crt-conio-l1-1-0.dll
0x0000014cd7e70000 - 0x0000014cd7e74000 	C:\Users\BEKZHAN\.openjfx\cache\19.0.2+1\amd64\api-ms-win-crt-convert-l1-1-0.dll
0x0000014cd7e80000 - 0x0000014cd7e83000 	C:\Users\BEKZHAN\.openjfx\cache\19.0.2+1\amd64\api-ms-win-crt-environment-l1-1-0.dll
0x0000014cd7e90000 - 0x0000014cd7e93000 	C:\Users\BEKZHAN\.openjfx\cache\19.0.2+1\amd64\api-ms-win-crt-filesystem-l1-1-0.dll
0x0000014cd7ea0000 - 0x0000014cd7ea3000 	C:\Users\BEKZHAN\.openjfx\cache\19.0.2+1\amd64\api-ms-win-crt-heap-l1-1-0.dll
0x0000014cd7eb0000 - 0x0000014cd7eb3000 	C:\Users\BEKZHAN\.openjfx\cache\19.0.2+1\amd64\api-ms-win-crt-locale-l1-1-0.dll
0x0000014cd7ec0000 - 0x0000014cd7ec5000 	C:\Users\BEKZHAN\.openjfx\cache\19.0.2+1\amd64\api-ms-win-crt-math-l1-1-0.dll
0x0000014cd7ed0000 - 0x0000014cd7ed5000 	C:\Users\BEKZHAN\.openjfx\cache\19.0.2+1\amd64\api-ms-win-crt-multibyte-l1-1-0.dll
0x0000014cd7ee0000 - 0x0000014cd7ef0000 	C:\Users\BEKZHAN\.openjfx\cache\19.0.2+1\amd64\api-ms-win-crt-private-l1-1-0.dll
0x0000014cd7ef0000 - 0x0000014cd7ef3000 	C:\Users\BEKZHAN\.openjfx\cache\19.0.2+1\amd64\api-ms-win-crt-process-l1-1-0.dll
0x0000014cd7f00000 - 0x0000014cd7f04000 	C:\Users\BEKZHAN\.openjfx\cache\19.0.2+1\amd64\api-ms-win-crt-runtime-l1-1-0.dll
0x0000014cd7f10000 - 0x0000014cd7f14000 	C:\Users\BEKZHAN\.openjfx\cache\19.0.2+1\amd64\api-ms-win-crt-stdio-l1-1-0.dll
0x0000014cd7f20000 - 0x0000014cd7f24000 	C:\Users\BEKZHAN\.openjfx\cache\19.0.2+1\amd64\api-ms-win-crt-string-l1-1-0.dll
0x0000014cd7f30000 - 0x0000014cd7f33000 	C:\Users\BEKZHAN\.openjfx\cache\19.0.2+1\amd64\api-ms-win-crt-time-l1-1-0.dll
0x0000014cd7f40000 - 0x0000014cd7f43000 	C:\Users\BEKZHAN\.openjfx\cache\19.0.2+1\amd64\api-ms-win-crt-utility-l1-1-0.dll
0x00007fff23810000 - 0x00007fff2390c000 	C:\Users\BEKZHAN\.openjfx\cache\19.0.2+1\amd64\ucrtbase.dll
0x00007fff2ce00000 - 0x00007fff2ce1b000 	C:\Users\BEKZHAN\.openjfx\cache\19.0.2+1\amd64\vcruntime140.dll
0x00007fff2efe0000 - 0x00007fff2efec000 	C:\Users\BEKZHAN\.openjfx\cache\19.0.2+1\amd64\vcruntime140_1.dll
0x00007fff2cd70000 - 0x00007fff2cdfe000 	C:\Users\BEKZHAN\.openjfx\cache\19.0.2+1\amd64\msvcp140.dll
0x00007fff2d1a0000 - 0x00007fff2d1a9000 	C:\Users\BEKZHAN\.openjfx\cache\19.0.2+1\amd64\msvcp140_1.dll
0x00007fff2c730000 - 0x00007fff2c760000 	C:\Users\BEKZHAN\.openjfx\cache\19.0.2+1\amd64\msvcp140_2.dll
0x00007fff2c700000 - 0x00007fff2c72c000 	C:\Users\BEKZHAN\.openjfx\cache\19.0.2+1\amd64\prism_d3d.dll
0x00007fff317a0000 - 0x00007fff3196e000 	C:\Windows\system32\d3d9.dll
0x00007fff3d640000 - 0x00007fff3d66f000 	C:\Windows\SYSTEM32\dwmapi.dll
0x00007fff3d240000 - 0x00007fff3d2de000 	C:\Windows\system32\uxtheme.dll
0x00007fff352b0000 - 0x00007fff3548b000 	C:\Windows\System32\DriverStore\FileRepository\u0365560.inf_amd64_db4fe9c060f57313\B365226\aticfx64.dll
0x00007fff018a0000 - 0x00007fff018d3000 	C:\Windows\System32\DriverStore\FileRepository\u0365560.inf_amd64_db4fe9c060f57313\B365226\atiu9p64.dll
0x00007ffef7dd0000 - 0x00007ffef8adc000 	C:\Windows\System32\DriverStore\FileRepository\u0365560.inf_amd64_db4fe9c060f57313\B365226\atiumd64.dll
0x00007fff40c50000 - 0x00007fff40d7a000 	C:\Windows\System32\ole32.dll
0x0000000074840000 - 0x00000000756fe000 	C:\Windows\System32\DriverStore\FileRepository\u0365560.inf_amd64_db4fe9c060f57313\B365226\atiumd6a.dll
0x00007fff40820000 - 0x00007fff40847000 	C:\Windows\System32\bcrypt.dll
0x00007fff3f500000 - 0x00007fff3f54b000 	C:\Windows\SYSTEM32\POWRPROF.dll
0x00007fff3f370000 - 0x00007fff3f382000 	C:\Windows\SYSTEM32\UMPDC.dll
0x00007fff332c0000 - 0x00007fff332ef000 	C:\Windows\SYSTEM32\amdihk64.dll
0x00007fff2c6b0000 - 0x00007fff2c6f2000 	C:\Users\BEKZHAN\.openjfx\cache\19.0.2+1\amd64\glass.dll
0x00007fff416d0000 - 0x00007fff417aa000 	C:\Windows\System32\COMDLG32.dll
0x00007fff40a30000 - 0x00007fff40afd000 	C:\Windows\System32\OLEAUT32.dll
0x00007fff40df0000 - 0x00007fff40f04000 	C:\Windows\System32\MSCTF.dll
0x00007fff36930000 - 0x00007fff3696b000 	C:\Windows\SYSTEM32\dxcore.dll
0x00007fff40730000 - 0x00007fff4077e000 	C:\Windows\System32\cfgmgr32.dll
0x00007fff2c690000 - 0x00007fff2c6a4000 	C:\Users\BEKZHAN\.openjfx\cache\19.0.2+1\amd64\javafx_font.dll
0x00007fff23910000 - 0x00007fff23b8f000 	C:\Windows\SYSTEM32\dwrite.dll
0x00007fff1ae00000 - 0x00007fff1ae9f000 	C:\Users\BEKZHAN\.openjfx\cache\19.0.2+1\amd64\glib-lite.dll
0x00007fff19410000 - 0x00007fff194fe000 	C:\Users\BEKZHAN\.openjfx\cache\19.0.2+1\amd64\gstreamer-lite.dll
0x00007fff19370000 - 0x00007fff1940c000 	C:\Windows\SYSTEM32\DSOUND.dll
0x00007fff1e690000 - 0x00007fff1e6b6000 	C:\Windows\SYSTEM32\winmmbase.dll
0x00007fff2c2d0000 - 0x00007fff2c2f5000 	C:\Users\BEKZHAN\.openjfx\cache\19.0.2+1\amd64\jfxmedia.dll
0x00007fff2c2a0000 - 0x00007fff2c2c4000 	C:\Users\BEKZHAN\.openjfx\cache\19.0.2+1\amd64\fxplugins.dll
0x00007fff38fd0000 - 0x00007fff3918c000 	C:\Windows\SYSTEM32\MFPlat.DLL
0x00007fff38f70000 - 0x00007fff38fa4000 	C:\Windows\SYSTEM32\RTWorkQ.DLL
0x00007fff417b0000 - 0x00007fff41859000 	C:\Windows\System32\clbcatq.dll
0x00007fff39ff0000 - 0x00007fff3a075000 	C:\Windows\System32\MMDevApi.dll
0x00007fff3fce0000 - 0x00007fff3fd0c000 	C:\Windows\System32\DEVOBJ.dll
0x00007fff3a090000 - 0x00007fff3a212000 	C:\Windows\SYSTEM32\AUDIOSES.DLL
0x00007fff3d670000 - 0x00007fff3d684000 	C:\Windows\SYSTEM32\resourcepolicyclient.dll
0x00007fff3f900000 - 0x00007fff3f90c000 	C:\Windows\SYSTEM32\CRYPTBASE.DLL
0x00007fff2c270000 - 0x00007fff2c29b000 	C:\Windows\System32\qasf.dll
0x00007fff22fb0000 - 0x00007fff22fbb000 	C:\Windows\System32\msdmo.dll

dbghelp: loaded successfully - version: 4.0.5 - missing functions: none
symbol engine: initialized successfully - sym options: 0x614 - pdb path: .;C:\Program Files\BellSoft\LibericaJDK-11\bin;C:\Windows\SYSTEM32;C:\Windows\WinSxS\amd64_microsoft.windows.common-controls_6595b64144ccf1df_6.0.19041.1110_none_60b5254171f9507e;C:\Program Files\BellSoft\LibericaJDK-11\bin\server;C:\Users\BEKZHAN\.openjfx\cache\19.0.2+1\amd64;C:\Windows\System32\DriverStore\FileRepository\u0365560.inf_amd64_db4fe9c060f57313\B365226;C:\Program Files\Common Files\Microsoft Shared\Ink

VM Arguments:
jvm_args: -Dfile.encoding=windows-1251 -Duser.country=RU -Duser.language=ru -Duser.variant --module-path=C:\Users\BEKZHAN\IdeaProjects\Online news website\build\libs\website-1.0-SNAPSHOT.jar;C:\Users\BEKZHAN\IdeaProjects\Online news website\build\classes\java\main;C:\Users\BEKZHAN\.gradle\caches\modules-2\files-2.1\org.openjfx\javafx-fxml\19.0.2\26eaef75197fa036624f61fe19e1f3a90089c1d4\javafx-fxml-19.0.2-win.jar;C:\Users\BEKZHAN\.gradle\caches\modules-2\files-2.1\org.openjfx\javafx-controls\19.0.2\9bc2468448c2c6e8e56f6023fc6a9b5edc310676\javafx-controls-19.0.2-win.jar;C:\Users\BEKZHAN\.gradle\caches\modules-2\files-2.1\org.openjfx\javafx-controls\19.0.2\9e0c1c543bc9d4ce4dc92e18849e065b15d550bd\javafx-controls-19.0.2.jar;C:\Users\BEKZHAN\.gradle\caches\modules-2\files-2.1\org.openjfx\javafx-media\19.0.2\a87e4ef0e1615443c50b825939a77251b5ef5d8f\javafx-media-19.0.2-win.jar;C:\Users\BEKZHAN\.gradle\caches\modules-2\files-2.1\org.openjfx\javafx-graphics\19.0.2\1115b4c69577f621e8ec0a52b925d267c1c1b4ec\javafx-graphics-19.0.2-win.jar;C:\Users\BEKZHAN\.gradle\caches\modules-2\files-2.1\org.openjfx\javafx-graphics\19.0.2\fef4194305f4cb3c50437a389f18ee2b3df31444\javafx-graphics-19.0.2.jar;C:\Users\BEKZHAN\.gradle\caches\modules-2\files-2.1\org.openjfx\javafx-base\19.0.2\2da75379d437ded92b6b39a43ec2ddbfdab85434\javafx-base-19.0.2-win.jar;C:\Users\BEKZHAN\.gradle\caches\modules-2\files-2.1\org.openjfx\javafx-base\19.0.2\8d02216cf976b6092874d442f075ea796c848af2\javafx-base-19.0.2.jar -Djdk.module.main=com.example.website 
java_command: com.example.website/com.example.website.HelloApplication
java_class_path (initial): C:\Users\BEKZHAN\IdeaProjects\Online news website\build\resources\main
Launcher Type: SUN_STANDARD

[Global flags]
     intx CICompilerCount                          = 12                                        {product} {ergonomic}
     uint ConcGCThreads                            = 3                                         {product} {ergonomic}
     uint G1ConcRefinementThreads                  = 13                                        {product} {ergonomic}
   size_t G1HeapRegionSize                         = 1048576                                   {product} {ergonomic}
    uintx GCDrainStackTargetSize                   = 64                                        {product} {ergonomic}
   size_t InitialHeapSize                          = 232783872                                 {product} {ergonomic}
   size_t MarkStackSize                            = 4194304                                   {product} {ergonomic}
   size_t MaxHeapSize                              = 3720347648                                {product} {ergonomic}
   size_t MaxNewSize                               = 2231369728                                {product} {ergonomic}
   size_t MinHeapDeltaBytes                        = 1048576                                   {product} {ergonomic}
    uintx NonNMethodCodeHeapSize                   = 7594288                                {pd product} {ergonomic}
    uintx NonProfiledCodeHeapSize                  = 122031976                              {pd product} {ergonomic}
    uintx ProfiledCodeHeapSize                     = 122031976                              {pd product} {ergonomic}
    uintx ReservedCodeCacheSize                    = 251658240                              {pd product} {ergonomic}
     bool SegmentedCodeCache                       = true                                      {product} {ergonomic}
     bool UseCompressedClassPointers               = true                                 {lp64_product} {ergonomic}
     bool UseCompressedOops                        = true                                 {lp64_product} {ergonomic}
     bool UseG1GC                                  = true                                      {product} {ergonomic}
     bool UseLargePagesIndividualAllocation        = false                                  {pd product} {ergonomic}

Logging:
Log output configuration:
 #0: stdout all=warning uptime,level,tags
 #1: stderr all=off uptime,level,tags

Environment Variables:
JAVA_HOME=C:\Program Files\BellSoft\LibericaJDK-11\
PATH=C:\Program Files\BellSoft\LibericaJDK-11\bin\;C:\Program Files\Common Files\Oracle\Java\javapath;C:\Program Files (x86)\Common Files\Oracle\Java\javapath;C:\Windows\system32;C:\Windows;C:\Windows\System32\Wbem;C:\Windows\System32\WindowsPowerShell\v1.0\;C:\Windows\System32\OpenSSH\;C:\Program Files\BellSoft\LibericaJDK-11\\bin;C:\Program Files\Git\cmd;C:\Users\BEKZHAN\AppData\Local\Microsoft\WindowsApps;
USERNAME=BEKZHAN
OS=Windows_NT
PROCESSOR_IDENTIFIER=AMD64 Family 25 Model 80 Stepping 0, AuthenticAMD
TMP=C:\Users\BEKZHAN\AppData\Local\Temp
TEMP=C:\Users\BEKZHAN\AppData\Local\Temp



---------------  S Y S T E M  ---------------

OS: Windows 10 , 64 bit Build 19041 (10.0.19041.2546)
OS uptime: 4 days 21:12 hours

CPU:total 16 (initial active 16) (16 cores per cpu, 2 threads per core) family 25 model 80 stepping 0 microcode 0x0, cmov, cx8, fxsr, mmx, sse, sse2, sse3, ssse3, sse4.1, sse4.2, popcnt, avx, avx2, aes, clmul, erms, mmxext, 3dnowpref, lzcnt, sse4a, ht, tsc, tscinvbit, tscinv, bmi1, bmi2, adx, sha, fma

Memory: 4k page, system-wide physical 14188M (7501M free)
TotalPageFile size 18796M (AvailPageFile size 8965M)
current process WorkingSet (physical memory assigned to process): 302M, peak: 314M
current process commit charge ("private bytes"): 538M, peak: 556M

vm_info: OpenJDK 64-Bit Server VM (11.0.18+10-LTS) for windows-amd64 JRE (11.0.18+10-LTS), built on Jan 12 2023 12:10:51 by "" with MS VC++ 15.9 (VS2017)

END.
